[+] Containers:
 |- [+] Container: /Game/ThirdPerson/Maps/ThirdPersonMap
 |   |- [+] ActorDescs:
 |   |   |- Guid:07BFD37449F277B766FE1E81633F6011 BaseClass: NativeClass:/Script/Engine.StaticMeshActor Name:StaticMeshActor_UAID_D8BBC1B6F349AF2902_2096307640 Label:SM_WindowFrame29 SpatiallyLoaded:1 Bounds:IsValid=true, Min=(X=8557.581 Y=533.004 Z=1008.004), Max=(X=8582.419 Y=626.996 Z=1151.996) RuntimeGrid:None EditorOnly:0 RuntimeOnly:0 HLODRelevant:1 ListedInSceneOutliner:1 IsMainWorldOnly:0
 |   |   |- Guid:113198394E16DECCA717659B137E2115 BaseClass: NativeClass:/Script/Engine.StaticMeshActor Name:StaticMeshActor_UAID_D8BBC1B6F349AF2902_2034178604 Label:SM_WindowFrame8 SpatiallyLoaded:1 Bounds:IsValid=true, Min=(X=8557.581 Y=803.004 Z=868.004), Max=(X=8582.419 Y=896.996 Z=1011.996) RuntimeGrid:None EditorOnly:0 RuntimeOnly:0 HLODRelevant:1 ListedInSceneOutliner:1 IsMainWorldOnly:0
 |   |   |- Guid:165582AC499CE206B999209C2BF4EA3A BaseClass: NativeClass:/Script/Engine.StaticMeshActor Name:StaticMeshActor_UAID_D8BBC1B6F349AF2902_2112458643 Label:SM_WindowFrame32 SpatiallyLoaded:1 Bounds:IsValid=true, Min=(X=8557.581 Y=263.004 Z=868.004), Max=(X=8582.419 Y=356.996 Z=1011.996) RuntimeGrid:None EditorOnly:0 RuntimeOnly:0 HLODRelevant:1 ListedInSceneOutliner:1 IsMainWorldOnly:0
 |   |   |- Guid:218405184611BB821C6C7595E1180C3E BaseClass: NativeClass:/Script/Engine.AmbientSound Name:AmbientSound_UAID_D8BBC1B6F349812902_1127997497 Label:Wild_Marionberries_Cue SpatiallyLoaded:1 Bounds:IsValid=true, Min=(X=1530.000 Y=1880.000 Z=0.000), Max=(X=1530.000 Y=1880.000 Z=0.000) RuntimeGrid:None EditorOnly:0 RuntimeOnly:0 HLODRelevant:0 ListedInSceneOutliner:1 IsMainWorldOnly:0
 |   |   |- Guid:242321394F396D8EEB93C3A2701A2D3B BaseClass: NativeClass:/Script/Engine.StaticMeshActor Name:StaticMeshActor_UAID_D8BBC1B6F349B02902_2033390117 Label:SM_DoorFrame2 SpatiallyLoaded:1 Bounds:IsValid=true, Min=(X=8257.581 Y=974.505 Z=870.000), Max=(X=8282.419 Y=1145.495 Z=1240.994) RuntimeGrid:None EditorOnly:0 RuntimeOnly:0 HLODRelevant:1 ListedInSceneOutliner:1 IsMainWorldOnly:0
 |   |   |- Guid:2FB58999456391D349DC0F86DAC136ED BaseClass: NativeClass:/Script/Engine.SkyLight Name:SkyLight_1 Label:SkyLight SpatiallyLoaded:0 Bounds:IsValid=true, Min=(X=0.000 Y=0.000 Z=690.000), Max=(X=0.000 Y=0.000 Z=690.000) RuntimeGrid:None EditorOnly:0 RuntimeOnly:0 HLODRelevant:0 ListedInSceneOutliner:1 IsMainWorldOnly:0 FolderPath:Lighting FolderGuid:963EC3EB4002CCE9759E2EBA541A873A
 |   |   |- Guid:2FF95EB34A85960AD48B628A4F5FA08C BaseClass: NativeClass:/Script/Engine.StaticMeshActor Name:StaticMeshActor_UAID_D8BBC1B6F349AF2902_2112461644 Label:SM_WindowFrame33 SpatiallyLoaded:1 Bounds:IsValid=true, Min=(X=8557.581 Y=353.004 Z=868.004), Max=(X=8582.419 Y=446.996 Z=1011.996) RuntimeGrid:None EditorOnly:0 RuntimeOnly:0 HLODRelevant:1 ListedInSceneOutliner:1 IsMainWorldOnly:0
 |   |   |- Guid:316CF2A6494ACA4C0E4180A87D36AB8F BaseClass: NativeClass:/Script/Engine.ExponentialHeightFog Name:ExponentialHeightFog_0 Label:ExponentialHeightFog SpatiallyLoaded:0 Bounds:IsValid=true, Min=(X=-5600.000 Y=-50.000 Z=-6850.000), Max=(X=-5600.000 Y=-50.000 Z=-6850.000) RuntimeGrid:None EditorOnly:0 RuntimeOnly:0 HLODRelevant:0 ListedInSceneOutliner:1 IsMainWorldOnly:0 FolderPath:Lighting FolderGuid:963EC3EB4002CCE9759E2EBA541A873A
 |   |   |- Guid:316EE8D14B1C07D32DC347B1D72BCE16 BaseClass: NativeClass:/Script/Engine.StaticMeshActor Name:StaticMeshActor_UAID_D8BBC1B6F349812902_1677154628 Label:SM_SkySphere3 SpatiallyLoaded:0 Bounds:IsValid=true, Min=(X=-1731312.000 Y=-1714264.000 Z=-1638400.000), Max=(X=1735952.000 Y=1707944.000 Z=1638400.000) RuntimeGrid:None EditorOnly:0 RuntimeOnly:0 HLODRelevant:0 ListedInSceneOutliner:1 IsMainWorldOnly:0 FolderPath:Lighting FolderGuid:963EC3EB4002CCE9759E2EBA541A873A
 |   |   |- Guid:3A00AA1C422CE54C0BDB60BAF471BFBB BaseClass: NativeClass:/Script/Engine.PlayerStart Name:PlayerStart_0 Label:PlayerStart SpatiallyLoaded:0 Bounds:IsValid=true, Min=(X=8860.000 Y=760.000 Z=1120.013), Max=(X=8940.000 Y=840.000 Z=1304.013) RuntimeGrid:None EditorOnly:0 RuntimeOnly:0 HLODRelevant:0 ListedInSceneOutliner:1 IsMainWorldOnly:0
 |   |   |- Guid:3A95FDDC45AA47CF9363EDB157EE0C42 BaseClass: NativeClass:/Script/Engine.StaticMeshActor Name:StaticMeshActor_UAID_D8BBC1B6F349AF2902_2034185606 Label:SM_WindowFrame10 SpatiallyLoaded:1 Bounds:IsValid=true, Min=(X=8557.581 Y=713.004 Z=1008.004), Max=(X=8582.419 Y=806.996 Z=1151.996) RuntimeGrid:None EditorOnly:0 RuntimeOnly:0 HLODRelevant:1 ListedInSceneOutliner:1 IsMainWorldOnly:0
 |   |   |- Guid:402B64BE43BE96F5744C94ABC685D4FA BaseClass: NativeClass:/Script/Engine.StaticMeshActor Name:StaticMeshActor_UAID_D8BBC1B6F349812902_1666220563 Label:SM_SkySphere2 SpatiallyLoaded:0 Bounds:IsValid=true, Min=(X=-1731312.000 Y=-1711104.000 Z=-1638400.000), Max=(X=1735952.000 Y=1711104.000 Z=1638400.000) RuntimeGrid:None EditorOnly:0 RuntimeOnly:0 HLODRelevant:0 ListedInSceneOutliner:1 IsMainWorldOnly:0 FolderPath:Lighting FolderGuid:963EC3EB4002CCE9759E2EBA541A873A
 |   |   |- Guid:411985314C483DFC506D289A93D042CE BaseClass: NativeClass:/Script/Engine.StaticMeshActor Name:StaticMeshActor_UAID_D8BBC1B6F349AF2902_2034174603 Label:SM_WindowFrame7 SpatiallyLoaded:1 Bounds:IsValid=true, Min=(X=8557.581 Y=713.004 Z=868.004), Max=(X=8582.419 Y=806.996 Z=1011.996) RuntimeGrid:None EditorOnly:0 RuntimeOnly:0 HLODRelevant:1 ListedInSceneOutliner:1 IsMainWorldOnly:0
 |   |   |- Guid:47550F3C441246A70618CFA004667B9C BaseClass: NativeClass:/Script/Engine.StaticMeshActor Name:StaticMeshActor_UAID_D8BBC1B6F349AF2902_2008702601 Label:SM_WindowFrame5 SpatiallyLoaded:1 Bounds:IsValid=true, Min=(X=8557.581 Y=1233.004 Z=1008.004), Max=(X=8582.419 Y=1326.996 Z=1151.996) RuntimeGrid:None EditorOnly:0 RuntimeOnly:0 HLODRelevant:1 ListedInSceneOutliner:1 IsMainWorldOnly:0
 |   |   |- Guid:48AFBEC344FDF06D0C7E1689242EFA2E BaseClass: NativeClass:/Script/Engine.StaticMeshActor Name:StaticMeshActor_UAID_D8BBC1B6F349AF2902_2112450642 Label:SM_WindowFrame31 SpatiallyLoaded:1 Bounds:IsValid=true, Min=(X=8557.581 Y=173.004 Z=868.004), Max=(X=8582.419 Y=266.996 Z=1011.996) RuntimeGrid:None EditorOnly:0 RuntimeOnly:0 HLODRelevant:1 ListedInSceneOutliner:1 IsMainWorldOnly:0
 |   |   |- Guid:4D3BE93F4146AAAC8BBE79999D96D57F BaseClass: NativeClass:/Script/Engine.VolumetricCloud Name:VolumetricCloud_0 Label:VolumetricCloud SpatiallyLoaded:0 Bounds:IsValid=true, Min=(X=0.000 Y=0.000 Z=820.000), Max=(X=0.000 Y=0.000 Z=820.000) RuntimeGrid:None EditorOnly:0 RuntimeOnly:0 HLODRelevant:0 ListedInSceneOutliner:1 IsMainWorldOnly:0 FolderPath:Lighting FolderGuid:963EC3EB4002CCE9759E2EBA541A873A
 |   |   |- Guid:50212D024EA81F851022E3898FE64612 BaseClass: NativeClass:/Script/Engine.StaticMeshActor Name:StaticMeshActor_UAID_D8BBC1B6F349AF2902_2034182605 Label:SM_WindowFrame9 SpatiallyLoaded:1 Bounds:IsValid=true, Min=(X=8557.581 Y=893.004 Z=868.004), Max=(X=8582.419 Y=986.996 Z=1011.996) RuntimeGrid:None EditorOnly:0 RuntimeOnly:0 HLODRelevant:1 ListedInSceneOutliner:1 IsMainWorldOnly:0
 |   |   |- Guid:586CEDBF42294E771A789E9E8FBEB87A BaseClass: NativeClass:/Script/Engine.StaticMeshActor Name:StaticMeshActor_UAID_D8BBC1B6F349AF2902_2077893627 Label:SM_WindowFrame16 SpatiallyLoaded:1 Bounds:IsValid=true, Min=(X=8557.581 Y=1413.004 Z=1008.004), Max=(X=8582.419 Y=1506.996 Z=1151.996) RuntimeGrid:None EditorOnly:0 RuntimeOnly:0 HLODRelevant:1 ListedInSceneOutliner:1 IsMainWorldOnly:0
 |   |   |- Guid:59859A1D47086A4F0C40B891E4ED750D BaseClass: NativeClass:/Script/Engine.StaticMeshActor Name:StaticMeshActor_UAID_D8BBC1B6F349AF2902_2077876624 Label:SM_WindowFrame13 SpatiallyLoaded:1 Bounds:IsValid=true, Min=(X=8557.581 Y=1413.004 Z=868.004), Max=(X=8582.419 Y=1506.996 Z=1011.996) RuntimeGrid:None EditorOnly:0 RuntimeOnly:0 HLODRelevant:1 ListedInSceneOutliner:1 IsMainWorldOnly:0
 |   |   |- Guid:6BAF4DDD444C60371492D3919DB42C97 BaseClass: NativeClass:/Script/Engine.WorldDataLayers Name:WorldDataLayers Label:WorldDataLayers SpatiallyLoaded:0 Bounds:IsValid=true, Min=(X=0.000 Y=0.000 Z=0.000), Max=(X=0.000 Y=0.000 Z=0.000) RuntimeGrid:None EditorOnly:0 RuntimeOnly:0 HLODRelevant:0 ListedInSceneOutliner:1 IsMainWorldOnly:1
 |   |   |- Guid:6BF954F648D37517BBC583896230039A BaseClass: NativeClass:/Script/Landscape.LandscapeStreamingProxy Name:LandscapeStreamingProxy_5H72K0F1N5FFV1U8OF5HUISJ2_126_1_3_0 Label:LandscapeStreamingProxy_1_3_0 SpatiallyLoaded:1 Bounds:IsValid=true, Min=(X=2460.000 Y=510.000 Z=766.875), Max=(X=15060.000 Y=13110.000 Z=1891.094) RuntimeGrid:None EditorOnly:0 RuntimeOnly:0 HLODRelevant:1 ListedInSceneOutliner:1 IsMainWorldOnly:0
 |   |   |- Guid:6C8224B0420F9088533835B9AD27FC77 BaseClass: NativeClass:/Script/Engine.StaticMeshActor Name:StaticMeshActor_UAID_D8BBC1B6F349AF2902_2096310641 Label:SM_WindowFrame30 SpatiallyLoaded:1 Bounds:IsValid=true, Min=(X=8557.581 Y=623.004 Z=1008.004), Max=(X=8582.419 Y=716.996 Z=1151.996) RuntimeGrid:None EditorOnly:0 RuntimeOnly:0 HLODRelevant:1 ListedInSceneOutliner:1 IsMainWorldOnly:0
 |   |   |- Guid:7FA7F4B54291F2B7AF4A58AAD037D83C BaseClass: NativeClass:/Script/Engine.StaticMeshActor Name:StaticMeshActor_UAID_D8BBC1B6F349B12902_1306184320 Label:SM_DoorFrame3 SpatiallyLoaded:1 Bounds:IsValid=true, Min=(X=7957.581 Y=974.505 Z=870.000), Max=(X=7982.419 Y=1145.495 Z=1240.994) RuntimeGrid:None EditorOnly:0 RuntimeOnly:0 HLODRelevant:1 ListedInSceneOutliner:1 IsMainWorldOnly:0
 |   |   |- Guid:807F55784265A4F9FBB519AF890C849A BaseClass: NativeClass:/Script/Engine.StaticMeshActor Name:StaticMeshActor_UAID_D8BBC1B6F349B42902_1946302171 Label:SM_SkySphere5 SpatiallyLoaded:0 Bounds:IsValid=true, Min=(X=-1716362.042 Y=-1705814.042 Z=-1638420.000), Max=(X=1750902.042 Y=1716394.042 Z=1638380.000) RuntimeGrid:None EditorOnly:0 RuntimeOnly:0 HLODRelevant:0 ListedInSceneOutliner:1 IsMainWorldOnly:0 FolderPath:Lighting FolderGuid:963EC3EB4002CCE9759E2EBA541A873A
 |   |   |- Guid:8299EB68440C12434FB2C9BC460EF186 BaseClass: NativeClass:/Script/Engine.StaticMeshActor Name:StaticMeshActor_UAID_D8BBC1B6F349AF2902_1995102598 Label:SM_WindowFrame2 SpatiallyLoaded:1 Bounds:IsValid=true, Min=(X=8557.581 Y=1233.004 Z=868.004), Max=(X=8582.419 Y=1326.996 Z=1011.996) RuntimeGrid:None EditorOnly:0 RuntimeOnly:0 HLODRelevant:1 ListedInSceneOutliner:1 IsMainWorldOnly:0
 |   |   |- Guid:84C13BD34B27D2C18F029C87895ADC94 BaseClass: NativeClass:/Script/Landscape.LandscapeStreamingProxy Name:LandscapeStreamingProxy_5H72K0F1N5FFV1U8OF5HUISJ2_126_1_2_0 Label:LandscapeStreamingProxy_1_2_0 SpatiallyLoaded:1 Bounds:IsValid=true, Min=(X=2460.000 Y=-12090.000 Z=590.312), Max=(X=15060.000 Y=510.000 Z=1862.188) RuntimeGrid:None EditorOnly:0 RuntimeOnly:0 HLODRelevant:1 ListedInSceneOutliner:1 IsMainWorldOnly:0
 |   |   |- Guid:8FF5BBF94AC773174FEAEB9024C228C2 BaseClass: NativeClass:/Script/Engine.StaticMeshActor Name:StaticMeshActor_UAID_D8BBC1B6F349AF2902_1986135597 Label:SM_WindowFrame SpatiallyLoaded:1 Bounds:IsValid=true, Min=(X=8557.581 Y=1143.004 Z=868.004), Max=(X=8582.419 Y=1236.996 Z=1011.996) RuntimeGrid:None EditorOnly:0 RuntimeOnly:0 HLODRelevant:1 ListedInSceneOutliner:1 IsMainWorldOnly:0
 |   |   |- Guid:912CE3A840BE8F65656A99BF45E9C2CA BaseClass: NativeClass:/Script/Engine.StaticMeshActor Name:StaticMeshActor_UAID_D8BBC1B6F349AF2902_1919498592 Label:SM_DoorFrame SpatiallyLoaded:1 Bounds:IsValid=true, Min=(X=8557.581 Y=974.505 Z=870.000), Max=(X=8582.419 Y=1145.495 Z=1240.994) RuntimeGrid:None EditorOnly:0 RuntimeOnly:0 HLODRelevant:1 ListedInSceneOutliner:1 IsMainWorldOnly:0
 |   |   |- Guid:A8FB4B1B4677EE9E5F7881A75527E275 BaseClass: NativeClass:/Script/Landscape.Landscape Name:Landscape_UAID_D8BBC1B6F3498C2902_2032253432 Label:Landscape SpatiallyLoaded:0 Bounds:IsValid=true, Min=(X=-10140.000 Y=-37290.000 Z=870.000), Max=(X=-10140.000 Y=-37290.000 Z=870.000) RuntimeGrid:None EditorOnly:0 RuntimeOnly:0 HLODRelevant:0 ListedInSceneOutliner:1 IsMainWorldOnly:0
 |   |   |- Guid:AF568A7B44B382CFA6CB27B42F455D17 BaseClass: NativeClass:/Script/Engine.StaticMeshActor Name:StaticMeshActor_UAID_D8BBC1B6F349AF2902_2002807599 Label:SM_WindowFrame3 SpatiallyLoaded:1 Bounds:IsValid=true, Min=(X=8557.581 Y=1323.004 Z=868.004), Max=(X=8582.419 Y=1416.996 Z=1011.996) RuntimeGrid:None EditorOnly:0 RuntimeOnly:0 HLODRelevant:1 ListedInSceneOutliner:1 IsMainWorldOnly:0
 |   |   |- Guid:B0D86EF944059B9DF28B62880AF8FDCC BaseClass: NativeClass:/Script/Engine.StaticMeshActor Name:StaticMeshActor_UAID_D8BBC1B6F349AF2902_2112465645 Label:SM_WindowFrame34 SpatiallyLoaded:1 Bounds:IsValid=true, Min=(X=8557.581 Y=173.004 Z=1008.004), Max=(X=8582.419 Y=266.996 Z=1151.996) RuntimeGrid:None EditorOnly:0 RuntimeOnly:0 HLODRelevant:1 ListedInSceneOutliner:1 IsMainWorldOnly:0
 |   |   |- Guid:B76B91B84B53F02128C077AB3BD431AC BaseClass: NativeClass:/Script/Engine.StaticMeshActor Name:StaticMeshActor_UAID_D8BBC1B6F349AF2902_2096291636 Label:SM_WindowFrame25 SpatiallyLoaded:1 Bounds:IsValid=true, Min=(X=8557.581 Y=443.004 Z=868.004), Max=(X=8582.419 Y=536.996 Z=1011.996) RuntimeGrid:None EditorOnly:0 RuntimeOnly:0 HLODRelevant:1 ListedInSceneOutliner:1 IsMainWorldOnly:0
 |   |   |- Guid:B785ED2844B84CFB91E7F39FE661CD99 BaseClass: NativeClass:/Script/Engine.DirectionalLight Name:DirectionalLight_0 Label:DirectionalLight SpatiallyLoaded:0 Bounds:IsValid=true, Min=(X=-1048576.000 Y=-1048576.000 Z=-1048576.000), Max=(X=1048576.000 Y=1048576.000 Z=1048576.000) RuntimeGrid:None EditorOnly:0 RuntimeOnly:0 HLODRelevant:0 ListedInSceneOutliner:1 IsMainWorldOnly:0 FolderPath:Lighting FolderGuid:963EC3EB4002CCE9759E2EBA541A873A
 |   |   |- Guid:BBB4770548E80CBC92A2BCBAA6F3E0B9 BaseClass: NativeClass:/Script/Engine.StaticMeshActor Name:StaticMeshActor_UAID_D8BBC1B6F349AF2902_2034192608 Label:SM_WindowFrame12 SpatiallyLoaded:1 Bounds:IsValid=true, Min=(X=8557.581 Y=893.004 Z=1008.004), Max=(X=8582.419 Y=986.996 Z=1151.996) RuntimeGrid:None EditorOnly:0 RuntimeOnly:0 HLODRelevant:1 ListedInSceneOutliner:1 IsMainWorldOnly:0
 |   |   |- Guid:CCB6911D41C2C475BE0F11ABE01DA6FE BaseClass: NativeClass:/Script/Engine.StaticMeshActor Name:StaticMeshActor_UAID_D8BBC1B6F349AF2902_2034189607 Label:SM_WindowFrame11 SpatiallyLoaded:1 Bounds:IsValid=true, Min=(X=8557.581 Y=803.004 Z=1008.004), Max=(X=8582.419 Y=896.996 Z=1151.996) RuntimeGrid:None EditorOnly:0 RuntimeOnly:0 HLODRelevant:1 ListedInSceneOutliner:1 IsMainWorldOnly:0
 |   |   |- Guid:CCFF262C46EEFFDF319E7F9539CE697E BaseClass: NativeClass:/Script/Engine.SkyAtmosphere Name:SkyAtmosphere_0 Label:SkyAtmosphere SpatiallyLoaded:0 Bounds:IsValid=true, Min=(X=0.000 Y=0.000 Z=1020.000), Max=(X=0.000 Y=0.000 Z=1020.000) RuntimeGrid:None EditorOnly:0 RuntimeOnly:0 HLODRelevant:0 ListedInSceneOutliner:1 IsMainWorldOnly:0 FolderPath:Lighting FolderGuid:963EC3EB4002CCE9759E2EBA541A873A
 |   |   |- Guid:D167700940DF1794242284A74772BB02 BaseClass:/Game/StarterContent/Props/Door1.Door1_C NativeClass:/Script/Engine.Actor Name:Door1_C_UAID_D8BBC1B6F3494E3B02_1495933529 Label:Door1 SpatiallyLoaded:1 Bounds:IsValid=true, Min=(X=8340.000 Y=938.000 Z=862.000), Max=(X=8820.000 Y=1162.000 Z=1278.000) RuntimeGrid:None EditorOnly:0 RuntimeOnly:0 HLODRelevant:0 ListedInSceneOutliner:1 IsMainWorldOnly:0
 |   |   |- Guid:D399FEE1446D30A6B81193AB95785522 BaseClass: NativeClass:/Script/Engine.StaticMeshActor Name:StaticMeshActor_UAID_D8BBC1B6F349B12902_1306187321 Label:SM_DoorFrame5 SpatiallyLoaded:1 Bounds:IsValid=true, Min=(X=7657.581 Y=974.505 Z=870.000), Max=(X=7682.419 Y=1145.495 Z=1240.994) RuntimeGrid:None EditorOnly:0 RuntimeOnly:0 HLODRelevant:1 ListedInSceneOutliner:1 IsMainWorldOnly:0
 |   |   |- Guid:D478DAAE4A5A303B5F713BBBDAE695D1 BaseClass: NativeClass:/Script/Engine.StaticMeshActor Name:StaticMeshActor_UAID_D8BBC1B6F349AF2902_2008707602 Label:SM_WindowFrame6 SpatiallyLoaded:1 Bounds:IsValid=true, Min=(X=8557.581 Y=1323.004 Z=1008.004), Max=(X=8582.419 Y=1416.996 Z=1151.996) RuntimeGrid:None EditorOnly:0 RuntimeOnly:0 HLODRelevant:1 ListedInSceneOutliner:1 IsMainWorldOnly:0
 |   |   |- Guid:E980F2464406568C96F09AA2957A43AF BaseClass: NativeClass:/Script/Engine.StaticMeshActor Name:StaticMeshActor_UAID_D8BBC1B6F3495E3B02_1771788889 Label:Vert_001 SpatiallyLoaded:1 Bounds:IsValid=true, Min=(X=7370.000 Y=-4500.026 Z=869.995), Max=(X=10370.000 Y=1530.000 Z=2145.000) RuntimeGrid:None EditorOnly:0 RuntimeOnly:0 HLODRelevant:1 ListedInSceneOutliner:1 IsMainWorldOnly:0
 |   |   |- Guid:EC4E0C944CE6AC6E784BC6BB2916EA13 BaseClass: NativeClass:/Script/Engine.StaticMeshActor Name:StaticMeshActor_UAID_A4AE111137DC5EFB00_1110535423 Label:SM_SkySphere SpatiallyLoaded:0 Bounds:IsValid=true, Min=(X=-1734692.000 Y=-1711104.000 Z=-1636480.000), Max=(X=1732572.000 Y=1711104.000 Z=1640320.000) RuntimeGrid:None EditorOnly:0 RuntimeOnly:0 HLODRelevant:0 ListedInSceneOutliner:1 IsMainWorldOnly:0 FolderPath:Lighting FolderGuid:963EC3EB4002CCE9759E2EBA541A873A
 |   |   |- Guid:ECB283AC4FA385D04C12DD81F5F60E2F BaseClass: NativeClass:/Script/Engine.StaticMeshActor Name:StaticMeshActor_UAID_D8BBC1B6F349AF2902_2008696600 Label:SM_WindowFrame4 SpatiallyLoaded:1 Bounds:IsValid=true, Min=(X=8557.581 Y=1143.004 Z=1008.004), Max=(X=8582.419 Y=1236.996 Z=1151.996) RuntimeGrid:None EditorOnly:0 RuntimeOnly:0 HLODRelevant:1 ListedInSceneOutliner:1 IsMainWorldOnly:0
 |   |   |- Guid:F0AF2DFB403FD3DCA4FDB7B8F6042270 BaseClass: NativeClass:/Script/Engine.StaticMeshActor Name:StaticMeshActor_UAID_D8BBC1B6F349AF2902_2096300638 Label:SM_WindowFrame27 SpatiallyLoaded:1 Bounds:IsValid=true, Min=(X=8557.581 Y=623.004 Z=868.004), Max=(X=8582.419 Y=716.996 Z=1011.996) RuntimeGrid:None EditorOnly:0 RuntimeOnly:0 HLODRelevant:1 ListedInSceneOutliner:1 IsMainWorldOnly:0
 |   |   |- Guid:F59AFB2F4573C89AC646AB96377075A1 BaseClass: NativeClass:/Script/Engine.StaticMeshActor Name:StaticMeshActor_UAID_D8BBC1B6F349AF2902_2096297637 Label:SM_WindowFrame26 SpatiallyLoaded:1 Bounds:IsValid=true, Min=(X=8557.581 Y=533.004 Z=868.004), Max=(X=8582.419 Y=626.996 Z=1011.996) RuntimeGrid:None EditorOnly:0 RuntimeOnly:0 HLODRelevant:1 ListedInSceneOutliner:1 IsMainWorldOnly:0
 |   |   |- Guid:F5E3FEB3450C49844FD93DA8E083C8AD BaseClass: NativeClass:/Script/Engine.PostProcessVolume Name:PostProcessVolume_0 Label:PostProcessVolume SpatiallyLoaded:0 Bounds:IsValid=true, Min=(X=0.000 Y=0.000 Z=400.000), Max=(X=200.000 Y=200.000 Z=600.000) RuntimeGrid:None EditorOnly:0 RuntimeOnly:0 HLODRelevant:0 ListedInSceneOutliner:1 IsMainWorldOnly:0 FolderPath:Lighting FolderGuid:963EC3EB4002CCE9759E2EBA541A873A
 |   |   |- Guid:F9FCBC3741E6E9AAD9BA908EBEFE1661 BaseClass: NativeClass:/Script/Engine.StaticMeshActor Name:StaticMeshActor_UAID_D8BBC1B6F349AF2902_2096303639 Label:SM_WindowFrame28 SpatiallyLoaded:1 Bounds:IsValid=true, Min=(X=8557.581 Y=443.004 Z=1008.004), Max=(X=8582.419 Y=536.996 Z=1151.996) RuntimeGrid:None EditorOnly:0 RuntimeOnly:0 HLODRelevant:1 ListedInSceneOutliner:1 IsMainWorldOnly:0
 |   |   |- Guid:FB6E6B044E83F0BAB1F0B8B9CE758814 BaseClass: NativeClass:/Script/Engine.StaticMeshActor Name:StaticMeshActor_UAID_D8BBC1B6F349812902_1683292693 Label:SM_SkySphere4 SpatiallyLoaded:0 Bounds:IsValid=true, Min=(X=-1733622.000 Y=-1714264.000 Z=-1638400.000), Max=(X=1733642.000 Y=1707944.000 Z=1638400.000) RuntimeGrid:None EditorOnly:0 RuntimeOnly:0 HLODRelevant:0 ListedInSceneOutliner:1 IsMainWorldOnly:0 FolderPath:Lighting FolderGuid:963EC3EB4002CCE9759E2EBA541A873A
 |   |- [+] Clusters:
 |   |   |- [+] [  0]
 |   |   |   |- Guid:07BFD37449F277B766FE1E81633F6011 BaseClass: NativeClass:/Script/Engine.StaticMeshActor Name:StaticMeshActor_UAID_D8BBC1B6F349AF2902_2096307640 Label:SM_WindowFrame29 SpatiallyLoaded:1 Bounds:IsValid=true, Min=(X=8557.581 Y=533.004 Z=1008.004), Max=(X=8582.419 Y=626.996 Z=1151.996) RuntimeGrid:None EditorOnly:0 RuntimeOnly:0 HLODRelevant:1 ListedInSceneOutliner:1 IsMainWorldOnly:0
 |   |   |- [+] [  1]
 |   |   |   |- Guid:113198394E16DECCA717659B137E2115 BaseClass: NativeClass:/Script/Engine.StaticMeshActor Name:StaticMeshActor_UAID_D8BBC1B6F349AF2902_2034178604 Label:SM_WindowFrame8 SpatiallyLoaded:1 Bounds:IsValid=true, Min=(X=8557.581 Y=803.004 Z=868.004), Max=(X=8582.419 Y=896.996 Z=1011.996) RuntimeGrid:None EditorOnly:0 RuntimeOnly:0 HLODRelevant:1 ListedInSceneOutliner:1 IsMainWorldOnly:0
 |   |   |- [+] [  2]
 |   |   |   |- Guid:165582AC499CE206B999209C2BF4EA3A BaseClass: NativeClass:/Script/Engine.StaticMeshActor Name:StaticMeshActor_UAID_D8BBC1B6F349AF2902_2112458643 Label:SM_WindowFrame32 SpatiallyLoaded:1 Bounds:IsValid=true, Min=(X=8557.581 Y=263.004 Z=868.004), Max=(X=8582.419 Y=356.996 Z=1011.996) RuntimeGrid:None EditorOnly:0 RuntimeOnly:0 HLODRelevant:1 ListedInSceneOutliner:1 IsMainWorldOnly:0
 |   |   |- [+] [  3]
 |   |   |   |- Guid:218405184611BB821C6C7595E1180C3E BaseClass: NativeClass:/Script/Engine.AmbientSound Name:AmbientSound_UAID_D8BBC1B6F349812902_1127997497 Label:Wild_Marionberries_Cue SpatiallyLoaded:1 Bounds:IsValid=true, Min=(X=1530.000 Y=1880.000 Z=0.000), Max=(X=1530.000 Y=1880.000 Z=0.000) RuntimeGrid:None EditorOnly:0 RuntimeOnly:0 HLODRelevant:0 ListedInSceneOutliner:1 IsMainWorldOnly:0
 |   |   |- [+] [  4]
 |   |   |   |- Guid:242321394F396D8EEB93C3A2701A2D3B BaseClass: NativeClass:/Script/Engine.StaticMeshActor Name:StaticMeshActor_UAID_D8BBC1B6F349B02902_2033390117 Label:SM_DoorFrame2 SpatiallyLoaded:1 Bounds:IsValid=true, Min=(X=8257.581 Y=974.505 Z=870.000), Max=(X=8282.419 Y=1145.495 Z=1240.994) RuntimeGrid:None EditorOnly:0 RuntimeOnly:0 HLODRelevant:1 ListedInSceneOutliner:1 IsMainWorldOnly:0
 |   |   |- [+] [  5]
 |   |   |   |- Guid:2FB58999456391D349DC0F86DAC136ED BaseClass: NativeClass:/Script/Engine.SkyLight Name:SkyLight_1 Label:SkyLight SpatiallyLoaded:0 Bounds:IsValid=true, Min=(X=0.000 Y=0.000 Z=690.000), Max=(X=0.000 Y=0.000 Z=690.000) RuntimeGrid:None EditorOnly:0 RuntimeOnly:0 HLODRelevant:0 ListedInSceneOutliner:1 IsMainWorldOnly:0 FolderPath:Lighting FolderGuid:963EC3EB4002CCE9759E2EBA541A873A
 |   |   |- [+] [  6]
 |   |   |   |- Guid:2FF95EB34A85960AD48B628A4F5FA08C BaseClass: NativeClass:/Script/Engine.StaticMeshActor Name:StaticMeshActor_UAID_D8BBC1B6F349AF2902_2112461644 Label:SM_WindowFrame33 SpatiallyLoaded:1 Bounds:IsValid=true, Min=(X=8557.581 Y=353.004 Z=868.004), Max=(X=8582.419 Y=446.996 Z=1011.996) RuntimeGrid:None EditorOnly:0 RuntimeOnly:0 HLODRelevant:1 ListedInSceneOutliner:1 IsMainWorldOnly:0
 |   |   |- [+] [  7]
 |   |   |   |- Guid:316CF2A6494ACA4C0E4180A87D36AB8F BaseClass: NativeClass:/Script/Engine.ExponentialHeightFog Name:ExponentialHeightFog_0 Label:ExponentialHeightFog SpatiallyLoaded:0 Bounds:IsValid=true, Min=(X=-5600.000 Y=-50.000 Z=-6850.000), Max=(X=-5600.000 Y=-50.000 Z=-6850.000) RuntimeGrid:None EditorOnly:0 RuntimeOnly:0 HLODRelevant:0 ListedInSceneOutliner:1 IsMainWorldOnly:0 FolderPath:Lighting FolderGuid:963EC3EB4002CCE9759E2EBA541A873A
 |   |   |- [+] [  8]
 |   |   |   |- Guid:316EE8D14B1C07D32DC347B1D72BCE16 BaseClass: NativeClass:/Script/Engine.StaticMeshActor Name:StaticMeshActor_UAID_D8BBC1B6F349812902_1677154628 Label:SM_SkySphere3 SpatiallyLoaded:0 Bounds:IsValid=true, Min=(X=-1731312.000 Y=-1714264.000 Z=-1638400.000), Max=(X=1735952.000 Y=1707944.000 Z=1638400.000) RuntimeGrid:None EditorOnly:0 RuntimeOnly:0 HLODRelevant:0 ListedInSceneOutliner:1 IsMainWorldOnly:0 FolderPath:Lighting FolderGuid:963EC3EB4002CCE9759E2EBA541A873A
 |   |   |- [+] [  9]
 |   |   |   |- Guid:3A00AA1C422CE54C0BDB60BAF471BFBB BaseClass: NativeClass:/Script/Engine.PlayerStart Name:PlayerStart_0 Label:PlayerStart SpatiallyLoaded:0 Bounds:IsValid=true, Min=(X=8860.000 Y=760.000 Z=1120.013), Max=(X=8940.000 Y=840.000 Z=1304.013) RuntimeGrid:None EditorOnly:0 RuntimeOnly:0 HLODRelevant:0 ListedInSceneOutliner:1 IsMainWorldOnly:0
 |   |   |- [+] [ 10]
 |   |   |   |- Guid:3A95FDDC45AA47CF9363EDB157EE0C42 BaseClass: NativeClass:/Script/Engine.StaticMeshActor Name:StaticMeshActor_UAID_D8BBC1B6F349AF2902_2034185606 Label:SM_WindowFrame10 SpatiallyLoaded:1 Bounds:IsValid=true, Min=(X=8557.581 Y=713.004 Z=1008.004), Max=(X=8582.419 Y=806.996 Z=1151.996) RuntimeGrid:None EditorOnly:0 RuntimeOnly:0 HLODRelevant:1 ListedInSceneOutliner:1 IsMainWorldOnly:0
 |   |   |- [+] [ 11]
 |   |   |   |- Guid:402B64BE43BE96F5744C94ABC685D4FA BaseClass: NativeClass:/Script/Engine.StaticMeshActor Name:StaticMeshActor_UAID_D8BBC1B6F349812902_1666220563 Label:SM_SkySphere2 SpatiallyLoaded:0 Bounds:IsValid=true, Min=(X=-1731312.000 Y=-1711104.000 Z=-1638400.000), Max=(X=1735952.000 Y=1711104.000 Z=1638400.000) RuntimeGrid:None EditorOnly:0 RuntimeOnly:0 HLODRelevant:0 ListedInSceneOutliner:1 IsMainWorldOnly:0 FolderPath:Lighting FolderGuid:963EC3EB4002CCE9759E2EBA541A873A
 |   |   |- [+] [ 12]
 |   |   |   |- Guid:411985314C483DFC506D289A93D042CE BaseClass: NativeClass:/Script/Engine.StaticMeshActor Name:StaticMeshActor_UAID_D8BBC1B6F349AF2902_2034174603 Label:SM_WindowFrame7 SpatiallyLoaded:1 Bounds:IsValid=true, Min=(X=8557.581 Y=713.004 Z=868.004), Max=(X=8582.419 Y=806.996 Z=1011.996) RuntimeGrid:None EditorOnly:0 RuntimeOnly:0 HLODRelevant:1 ListedInSceneOutliner:1 IsMainWorldOnly:0
 |   |   |- [+] [ 13]
 |   |   |   |- Guid:47550F3C441246A70618CFA004667B9C BaseClass: NativeClass:/Script/Engine.StaticMeshActor Name:StaticMeshActor_UAID_D8BBC1B6F349AF2902_2008702601 Label:SM_WindowFrame5 SpatiallyLoaded:1 Bounds:IsValid=true, Min=(X=8557.581 Y=1233.004 Z=1008.004), Max=(X=8582.419 Y=1326.996 Z=1151.996) RuntimeGrid:None EditorOnly:0 RuntimeOnly:0 HLODRelevant:1 ListedInSceneOutliner:1 IsMainWorldOnly:0
 |   |   |- [+] [ 14]
 |   |   |   |- Guid:48AFBEC344FDF06D0C7E1689242EFA2E BaseClass: NativeClass:/Script/Engine.StaticMeshActor Name:StaticMeshActor_UAID_D8BBC1B6F349AF2902_2112450642 Label:SM_WindowFrame31 SpatiallyLoaded:1 Bounds:IsValid=true, Min=(X=8557.581 Y=173.004 Z=868.004), Max=(X=8582.419 Y=266.996 Z=1011.996) RuntimeGrid:None EditorOnly:0 RuntimeOnly:0 HLODRelevant:1 ListedInSceneOutliner:1 IsMainWorldOnly:0
 |   |   |- [+] [ 15]
 |   |   |   |- Guid:4D3BE93F4146AAAC8BBE79999D96D57F BaseClass: NativeClass:/Script/Engine.VolumetricCloud Name:VolumetricCloud_0 Label:VolumetricCloud SpatiallyLoaded:0 Bounds:IsValid=true, Min=(X=0.000 Y=0.000 Z=820.000), Max=(X=0.000 Y=0.000 Z=820.000) RuntimeGrid:None EditorOnly:0 RuntimeOnly:0 HLODRelevant:0 ListedInSceneOutliner:1 IsMainWorldOnly:0 FolderPath:Lighting FolderGuid:963EC3EB4002CCE9759E2EBA541A873A
 |   |   |- [+] [ 16]
 |   |   |   |- Guid:50212D024EA81F851022E3898FE64612 BaseClass: NativeClass:/Script/Engine.StaticMeshActor Name:StaticMeshActor_UAID_D8BBC1B6F349AF2902_2034182605 Label:SM_WindowFrame9 SpatiallyLoaded:1 Bounds:IsValid=true, Min=(X=8557.581 Y=893.004 Z=868.004), Max=(X=8582.419 Y=986.996 Z=1011.996) RuntimeGrid:None EditorOnly:0 RuntimeOnly:0 HLODRelevant:1 ListedInSceneOutliner:1 IsMainWorldOnly:0
 |   |   |- [+] [ 17]
 |   |   |   |- Guid:586CEDBF42294E771A789E9E8FBEB87A BaseClass: NativeClass:/Script/Engine.StaticMeshActor Name:StaticMeshActor_UAID_D8BBC1B6F349AF2902_2077893627 Label:SM_WindowFrame16 SpatiallyLoaded:1 Bounds:IsValid=true, Min=(X=8557.581 Y=1413.004 Z=1008.004), Max=(X=8582.419 Y=1506.996 Z=1151.996) RuntimeGrid:None EditorOnly:0 RuntimeOnly:0 HLODRelevant:1 ListedInSceneOutliner:1 IsMainWorldOnly:0
 |   |   |- [+] [ 18]
 |   |   |   |- Guid:59859A1D47086A4F0C40B891E4ED750D BaseClass: NativeClass:/Script/Engine.StaticMeshActor Name:StaticMeshActor_UAID_D8BBC1B6F349AF2902_2077876624 Label:SM_WindowFrame13 SpatiallyLoaded:1 Bounds:IsValid=true, Min=(X=8557.581 Y=1413.004 Z=868.004), Max=(X=8582.419 Y=1506.996 Z=1011.996) RuntimeGrid:None EditorOnly:0 RuntimeOnly:0 HLODRelevant:1 ListedInSceneOutliner:1 IsMainWorldOnly:0
 |   |   |- [+] [ 19]
 |   |   |   |- Guid:6BAF4DDD444C60371492D3919DB42C97 BaseClass: NativeClass:/Script/Engine.WorldDataLayers Name:WorldDataLayers Label:WorldDataLayers SpatiallyLoaded:0 Bounds:IsValid=true, Min=(X=0.000 Y=0.000 Z=0.000), Max=(X=0.000 Y=0.000 Z=0.000) RuntimeGrid:None EditorOnly:0 RuntimeOnly:0 HLODRelevant:0 ListedInSceneOutliner:1 IsMainWorldOnly:1
 |   |   |- [+] [ 20]
 |   |   |   |- Guid:6BF954F648D37517BBC583896230039A BaseClass: NativeClass:/Script/Landscape.LandscapeStreamingProxy Name:LandscapeStreamingProxy_5H72K0F1N5FFV1U8OF5HUISJ2_126_1_3_0 Label:LandscapeStreamingProxy_1_3_0 SpatiallyLoaded:1 Bounds:IsValid=true, Min=(X=2460.000 Y=510.000 Z=766.875), Max=(X=15060.000 Y=13110.000 Z=1891.094) RuntimeGrid:None EditorOnly:0 RuntimeOnly:0 HLODRelevant:1 ListedInSceneOutliner:1 IsMainWorldOnly:0
 |   |   |- [+] [ 21]
 |   |   |   |- Guid:6C8224B0420F9088533835B9AD27FC77 BaseClass: NativeClass:/Script/Engine.StaticMeshActor Name:StaticMeshActor_UAID_D8BBC1B6F349AF2902_2096310641 Label:SM_WindowFrame30 SpatiallyLoaded:1 Bounds:IsValid=true, Min=(X=8557.581 Y=623.004 Z=1008.004), Max=(X=8582.419 Y=716.996 Z=1151.996) RuntimeGrid:None EditorOnly:0 RuntimeOnly:0 HLODRelevant:1 ListedInSceneOutliner:1 IsMainWorldOnly:0
 |   |   |- [+] [ 22]
 |   |   |   |- Guid:7FA7F4B54291F2B7AF4A58AAD037D83C BaseClass: NativeClass:/Script/Engine.StaticMeshActor Name:StaticMeshActor_UAID_D8BBC1B6F349B12902_1306184320 Label:SM_DoorFrame3 SpatiallyLoaded:1 Bounds:IsValid=true, Min=(X=7957.581 Y=974.505 Z=870.000), Max=(X=7982.419 Y=1145.495 Z=1240.994) RuntimeGrid:None EditorOnly:0 RuntimeOnly:0 HLODRelevant:1 ListedInSceneOutliner:1 IsMainWorldOnly:0
 |   |   |- [+] [ 23]
 |   |   |   |- Guid:807F55784265A4F9FBB519AF890C849A BaseClass: NativeClass:/Script/Engine.StaticMeshActor Name:StaticMeshActor_UAID_D8BBC1B6F349B42902_1946302171 Label:SM_SkySphere5 SpatiallyLoaded:0 Bounds:IsValid=true, Min=(X=-1716362.042 Y=-1705814.042 Z=-1638420.000), Max=(X=1750902.042 Y=1716394.042 Z=1638380.000) RuntimeGrid:None EditorOnly:0 RuntimeOnly:0 HLODRelevant:0 ListedInSceneOutliner:1 IsMainWorldOnly:0 FolderPath:Lighting FolderGuid:963EC3EB4002CCE9759E2EBA541A873A
 |   |   |- [+] [ 24]
 |   |   |   |- Guid:8299EB68440C12434FB2C9BC460EF186 BaseClass: NativeClass:/Script/Engine.StaticMeshActor Name:StaticMeshActor_UAID_D8BBC1B6F349AF2902_1995102598 Label:SM_WindowFrame2 SpatiallyLoaded:1 Bounds:IsValid=true, Min=(X=8557.581 Y=1233.004 Z=868.004), Max=(X=8582.419 Y=1326.996 Z=1011.996) RuntimeGrid:None EditorOnly:0 RuntimeOnly:0 HLODRelevant:1 ListedInSceneOutliner:1 IsMainWorldOnly:0
 |   |   |- [+] [ 25]
 |   |   |   |- Guid:84C13BD34B27D2C18F029C87895ADC94 BaseClass: NativeClass:/Script/Landscape.LandscapeStreamingProxy Name:LandscapeStreamingProxy_5H72K0F1N5FFV1U8OF5HUISJ2_126_1_2_0 Label:LandscapeStreamingProxy_1_2_0 SpatiallyLoaded:1 Bounds:IsValid=true, Min=(X=2460.000 Y=-12090.000 Z=590.312), Max=(X=15060.000 Y=510.000 Z=1862.188) RuntimeGrid:None EditorOnly:0 RuntimeOnly:0 HLODRelevant:1 ListedInSceneOutliner:1 IsMainWorldOnly:0
 |   |   |- [+] [ 26]
 |   |   |   |- Guid:8FF5BBF94AC773174FEAEB9024C228C2 BaseClass: NativeClass:/Script/Engine.StaticMeshActor Name:StaticMeshActor_UAID_D8BBC1B6F349AF2902_1986135597 Label:SM_WindowFrame SpatiallyLoaded:1 Bounds:IsValid=true, Min=(X=8557.581 Y=1143.004 Z=868.004), Max=(X=8582.419 Y=1236.996 Z=1011.996) RuntimeGrid:None EditorOnly:0 RuntimeOnly:0 HLODRelevant:1 ListedInSceneOutliner:1 IsMainWorldOnly:0
 |   |   |- [+] [ 27]
 |   |   |   |- Guid:912CE3A840BE8F65656A99BF45E9C2CA BaseClass: NativeClass:/Script/Engine.StaticMeshActor Name:StaticMeshActor_UAID_D8BBC1B6F349AF2902_1919498592 Label:SM_DoorFrame SpatiallyLoaded:1 Bounds:IsValid=true, Min=(X=8557.581 Y=974.505 Z=870.000), Max=(X=8582.419 Y=1145.495 Z=1240.994) RuntimeGrid:None EditorOnly:0 RuntimeOnly:0 HLODRelevant:1 ListedInSceneOutliner:1 IsMainWorldOnly:0
 |   |   |- [+] [ 28]
 |   |   |   |- Guid:A8FB4B1B4677EE9E5F7881A75527E275 BaseClass: NativeClass:/Script/Landscape.Landscape Name:Landscape_UAID_D8BBC1B6F3498C2902_2032253432 Label:Landscape SpatiallyLoaded:0 Bounds:IsValid=true, Min=(X=-10140.000 Y=-37290.000 Z=870.000), Max=(X=-10140.000 Y=-37290.000 Z=870.000) RuntimeGrid:None EditorOnly:0 RuntimeOnly:0 HLODRelevant:0 ListedInSceneOutliner:1 IsMainWorldOnly:0
 |   |   |- [+] [ 29]
 |   |   |   |- Guid:AF568A7B44B382CFA6CB27B42F455D17 BaseClass: NativeClass:/Script/Engine.StaticMeshActor Name:StaticMeshActor_UAID_D8BBC1B6F349AF2902_2002807599 Label:SM_WindowFrame3 SpatiallyLoaded:1 Bounds:IsValid=true, Min=(X=8557.581 Y=1323.004 Z=868.004), Max=(X=8582.419 Y=1416.996 Z=1011.996) RuntimeGrid:None EditorOnly:0 RuntimeOnly:0 HLODRelevant:1 ListedInSceneOutliner:1 IsMainWorldOnly:0
 |   |   |- [+] [ 30]
 |   |   |   |- Guid:B0D86EF944059B9DF28B62880AF8FDCC BaseClass: NativeClass:/Script/Engine.StaticMeshActor Name:StaticMeshActor_UAID_D8BBC1B6F349AF2902_2112465645 Label:SM_WindowFrame34 SpatiallyLoaded:1 Bounds:IsValid=true, Min=(X=8557.581 Y=173.004 Z=1008.004), Max=(X=8582.419 Y=266.996 Z=1151.996) RuntimeGrid:None EditorOnly:0 RuntimeOnly:0 HLODRelevant:1 ListedInSceneOutliner:1 IsMainWorldOnly:0
 |   |   |- [+] [ 31]
 |   |   |   |- Guid:B76B91B84B53F02128C077AB3BD431AC BaseClass: NativeClass:/Script/Engine.StaticMeshActor Name:StaticMeshActor_UAID_D8BBC1B6F349AF2902_2096291636 Label:SM_WindowFrame25 SpatiallyLoaded:1 Bounds:IsValid=true, Min=(X=8557.581 Y=443.004 Z=868.004), Max=(X=8582.419 Y=536.996 Z=1011.996) RuntimeGrid:None EditorOnly:0 RuntimeOnly:0 HLODRelevant:1 ListedInSceneOutliner:1 IsMainWorldOnly:0
 |   |   |- [+] [ 32]
 |   |   |   |- Guid:B785ED2844B84CFB91E7F39FE661CD99 BaseClass: NativeClass:/Script/Engine.DirectionalLight Name:DirectionalLight_0 Label:DirectionalLight SpatiallyLoaded:0 Bounds:IsValid=true, Min=(X=-1048576.000 Y=-1048576.000 Z=-1048576.000), Max=(X=1048576.000 Y=1048576.000 Z=1048576.000) RuntimeGrid:None EditorOnly:0 RuntimeOnly:0 HLODRelevant:0 ListedInSceneOutliner:1 IsMainWorldOnly:0 FolderPath:Lighting FolderGuid:963EC3EB4002CCE9759E2EBA541A873A
 |   |   |- [+] [ 33]
 |   |   |   |- Guid:BBB4770548E80CBC92A2BCBAA6F3E0B9 BaseClass: NativeClass:/Script/Engine.StaticMeshActor Name:StaticMeshActor_UAID_D8BBC1B6F349AF2902_2034192608 Label:SM_WindowFrame12 SpatiallyLoaded:1 Bounds:IsValid=true, Min=(X=8557.581 Y=893.004 Z=1008.004), Max=(X=8582.419 Y=986.996 Z=1151.996) RuntimeGrid:None EditorOnly:0 RuntimeOnly:0 HLODRelevant:1 ListedInSceneOutliner:1 IsMainWorldOnly:0
 |   |   |- [+] [ 34]
 |   |   |   |- Guid:CCB6911D41C2C475BE0F11ABE01DA6FE BaseClass: NativeClass:/Script/Engine.StaticMeshActor Name:StaticMeshActor_UAID_D8BBC1B6F349AF2902_2034189607 Label:SM_WindowFrame11 SpatiallyLoaded:1 Bounds:IsValid=true, Min=(X=8557.581 Y=803.004 Z=1008.004), Max=(X=8582.419 Y=896.996 Z=1151.996) RuntimeGrid:None EditorOnly:0 RuntimeOnly:0 HLODRelevant:1 ListedInSceneOutliner:1 IsMainWorldOnly:0
 |   |   |- [+] [ 35]
 |   |   |   |- Guid:CCFF262C46EEFFDF319E7F9539CE697E BaseClass: NativeClass:/Script/Engine.SkyAtmosphere Name:SkyAtmosphere_0 Label:SkyAtmosphere SpatiallyLoaded:0 Bounds:IsValid=true, Min=(X=0.000 Y=0.000 Z=1020.000), Max=(X=0.000 Y=0.000 Z=1020.000) RuntimeGrid:None EditorOnly:0 RuntimeOnly:0 HLODRelevant:0 ListedInSceneOutliner:1 IsMainWorldOnly:0 FolderPath:Lighting FolderGuid:963EC3EB4002CCE9759E2EBA541A873A
 |   |   |- [+] [ 36]
 |   |   |   |- Guid:D167700940DF1794242284A74772BB02 BaseClass:/Game/StarterContent/Props/Door1.Door1_C NativeClass:/Script/Engine.Actor Name:Door1_C_UAID_D8BBC1B6F3494E3B02_1495933529 Label:Door1 SpatiallyLoaded:1 Bounds:IsValid=true, Min=(X=8340.000 Y=938.000 Z=862.000), Max=(X=8820.000 Y=1162.000 Z=1278.000) RuntimeGrid:None EditorOnly:0 RuntimeOnly:0 HLODRelevant:0 ListedInSceneOutliner:1 IsMainWorldOnly:0
 |   |   |- [+] [ 37]
 |   |   |   |- Guid:D399FEE1446D30A6B81193AB95785522 BaseClass: NativeClass:/Script/Engine.StaticMeshActor Name:StaticMeshActor_UAID_D8BBC1B6F349B12902_1306187321 Label:SM_DoorFrame5 SpatiallyLoaded:1 Bounds:IsValid=true, Min=(X=7657.581 Y=974.505 Z=870.000), Max=(X=7682.419 Y=1145.495 Z=1240.994) RuntimeGrid:None EditorOnly:0 RuntimeOnly:0 HLODRelevant:1 ListedInSceneOutliner:1 IsMainWorldOnly:0
 |   |   |- [+] [ 38]
 |   |   |   |- Guid:D478DAAE4A5A303B5F713BBBDAE695D1 BaseClass: NativeClass:/Script/Engine.StaticMeshActor Name:StaticMeshActor_UAID_D8BBC1B6F349AF2902_2008707602 Label:SM_WindowFrame6 SpatiallyLoaded:1 Bounds:IsValid=true, Min=(X=8557.581 Y=1323.004 Z=1008.004), Max=(X=8582.419 Y=1416.996 Z=1151.996) RuntimeGrid:None EditorOnly:0 RuntimeOnly:0 HLODRelevant:1 ListedInSceneOutliner:1 IsMainWorldOnly:0
 |   |   |- [+] [ 39]
 |   |   |   |- Guid:E980F2464406568C96F09AA2957A43AF BaseClass: NativeClass:/Script/Engine.StaticMeshActor Name:StaticMeshActor_UAID_D8BBC1B6F3495E3B02_1771788889 Label:Vert_001 SpatiallyLoaded:1 Bounds:IsValid=true, Min=(X=7370.000 Y=-4500.026 Z=869.995), Max=(X=10370.000 Y=1530.000 Z=2145.000) RuntimeGrid:None EditorOnly:0 RuntimeOnly:0 HLODRelevant:1 ListedInSceneOutliner:1 IsMainWorldOnly:0
 |   |   |- [+] [ 40]
 |   |   |   |- Guid:EC4E0C944CE6AC6E784BC6BB2916EA13 BaseClass: NativeClass:/Script/Engine.StaticMeshActor Name:StaticMeshActor_UAID_A4AE111137DC5EFB00_1110535423 Label:SM_SkySphere SpatiallyLoaded:0 Bounds:IsValid=true, Min=(X=-1734692.000 Y=-1711104.000 Z=-1636480.000), Max=(X=1732572.000 Y=1711104.000 Z=1640320.000) RuntimeGrid:None EditorOnly:0 RuntimeOnly:0 HLODRelevant:0 ListedInSceneOutliner:1 IsMainWorldOnly:0 FolderPath:Lighting FolderGuid:963EC3EB4002CCE9759E2EBA541A873A
 |   |   |- [+] [ 41]
 |   |   |   |- Guid:ECB283AC4FA385D04C12DD81F5F60E2F BaseClass: NativeClass:/Script/Engine.StaticMeshActor Name:StaticMeshActor_UAID_D8BBC1B6F349AF2902_2008696600 Label:SM_WindowFrame4 SpatiallyLoaded:1 Bounds:IsValid=true, Min=(X=8557.581 Y=1143.004 Z=1008.004), Max=(X=8582.419 Y=1236.996 Z=1151.996) RuntimeGrid:None EditorOnly:0 RuntimeOnly:0 HLODRelevant:1 ListedInSceneOutliner:1 IsMainWorldOnly:0
 |   |   |- [+] [ 42]
 |   |   |   |- Guid:F0AF2DFB403FD3DCA4FDB7B8F6042270 BaseClass: NativeClass:/Script/Engine.StaticMeshActor Name:StaticMeshActor_UAID_D8BBC1B6F349AF2902_2096300638 Label:SM_WindowFrame27 SpatiallyLoaded:1 Bounds:IsValid=true, Min=(X=8557.581 Y=623.004 Z=868.004), Max=(X=8582.419 Y=716.996 Z=1011.996) RuntimeGrid:None EditorOnly:0 RuntimeOnly:0 HLODRelevant:1 ListedInSceneOutliner:1 IsMainWorldOnly:0
 |   |   |- [+] [ 43]
 |   |   |   |- Guid:F59AFB2F4573C89AC646AB96377075A1 BaseClass: NativeClass:/Script/Engine.StaticMeshActor Name:StaticMeshActor_UAID_D8BBC1B6F349AF2902_2096297637 Label:SM_WindowFrame26 SpatiallyLoaded:1 Bounds:IsValid=true, Min=(X=8557.581 Y=533.004 Z=868.004), Max=(X=8582.419 Y=626.996 Z=1011.996) RuntimeGrid:None EditorOnly:0 RuntimeOnly:0 HLODRelevant:1 ListedInSceneOutliner:1 IsMainWorldOnly:0
 |   |   |- [+] [ 44]
 |   |   |   |- Guid:F5E3FEB3450C49844FD93DA8E083C8AD BaseClass: NativeClass:/Script/Engine.PostProcessVolume Name:PostProcessVolume_0 Label:PostProcessVolume SpatiallyLoaded:0 Bounds:IsValid=true, Min=(X=0.000 Y=0.000 Z=400.000), Max=(X=200.000 Y=200.000 Z=600.000) RuntimeGrid:None EditorOnly:0 RuntimeOnly:0 HLODRelevant:0 ListedInSceneOutliner:1 IsMainWorldOnly:0 FolderPath:Lighting FolderGuid:963EC3EB4002CCE9759E2EBA541A873A
 |   |   |- [+] [ 45]
 |   |   |   |- Guid:F9FCBC3741E6E9AAD9BA908EBEFE1661 BaseClass: NativeClass:/Script/Engine.StaticMeshActor Name:StaticMeshActor_UAID_D8BBC1B6F349AF2902_2096303639 Label:SM_WindowFrame28 SpatiallyLoaded:1 Bounds:IsValid=true, Min=(X=8557.581 Y=443.004 Z=1008.004), Max=(X=8582.419 Y=536.996 Z=1151.996) RuntimeGrid:None EditorOnly:0 RuntimeOnly:0 HLODRelevant:1 ListedInSceneOutliner:1 IsMainWorldOnly:0
 |   |   |- [+] [ 46]
 |   |   |   |- Guid:FB6E6B044E83F0BAB1F0B8B9CE758814 BaseClass: NativeClass:/Script/Engine.StaticMeshActor Name:StaticMeshActor_UAID_D8BBC1B6F349812902_1683292693 Label:SM_SkySphere4 SpatiallyLoaded:0 Bounds:IsValid=true, Min=(X=-1733622.000 Y=-1714264.000 Z=-1638400.000), Max=(X=1733642.000 Y=1707944.000 Z=1638400.000) RuntimeGrid:None EditorOnly:0 RuntimeOnly:0 HLODRelevant:0 ListedInSceneOutliner:1 IsMainWorldOnly:0 FolderPath:Lighting FolderGuid:963EC3EB4002CCE9759E2EBA541A873A
 |- ContainerInstances:
 |- [+] MainContainer:
 |   |-        ID: 00000000000000000000000000000000
 |   |-  ParentID: 00000000000000000000000000000000
 |   |-    Bounds: IsValid=false, Min=(X=0.000 Y=0.000 Z=0.000), Max=(X=0.000 Y=0.000 Z=0.000)
 |   |- Transform: 0.000000,0.000000,0.000000|0.000000,0.000000,-0.000000|1.000000,1.000000,1.000000
 |   |- Container: /Game/ThirdPerson/Maps/ThirdPersonMap
----------------------------------------------------------------------------------------------------------------
ThirdPersonMap - Persistent Level
----------------------------------------------------------------------------------------------------------------
[+] Content of ThirdPersonMap Persistent Level
 |- Always loaded Actor Count: 47 
 |- Actor Path: /Game/ThirdPerson/Maps/ThirdPersonMap.ThirdPersonMap:PersistentLevel.AmbientSound_UAID_D8BBC1B6F349812902_1127997497
 |- Actor Package: /Game/__ExternalActors__/ThirdPerson/Maps/ThirdPersonMap/0/2L/BV6G9HAJNXG30Q75ZDE2A2
 |- Actor Path: /Game/ThirdPerson/Maps/ThirdPersonMap.ThirdPersonMap:PersistentLevel.DirectionalLight_0
 |- Actor Package: /Game/__ExternalActors__/ThirdPerson/Maps/ThirdPersonMap/5/R1/TS5OQ5CRUWFZYL1ZQ7I416
 |- Actor Path: /Game/ThirdPerson/Maps/ThirdPersonMap.ThirdPersonMap:PersistentLevel.Door1_C_UAID_D8BBC1B6F3494E3B02_1495933529
 |- Actor Package: /Game/__ExternalActors__/ThirdPerson/Maps/ThirdPersonMap/E/1C/G9F24167Y87VAZA02U3R06
 |- Actor Path: /Game/ThirdPerson/Maps/ThirdPersonMap.ThirdPersonMap:PersistentLevel.ExponentialHeightFog_0
 |- Actor Package: /Game/__ExternalActors__/ThirdPerson/Maps/ThirdPersonMap/6/J7/N10XDC9G27EMLS5AGZ6AVV
 |- Actor Path: /Game/ThirdPerson/Maps/ThirdPersonMap.ThirdPersonMap:PersistentLevel.Landscape_UAID_D8BBC1B6F3498C2902_2032253432
 |- Actor Package: /Game/__ExternalActors__/ThirdPerson/Maps/ThirdPersonMap/4/IF/7N4DR93NHECWSVTBZFQ2M3
 |- Actor Path: /Game/ThirdPerson/Maps/ThirdPersonMap.ThirdPersonMap:PersistentLevel.LandscapeStreamingProxy_5H72K0F1N5FFV1U8OF5HUISJ2_126_1_2_0
 |- Actor Package: /Game/__ExternalActors__/ThirdPerson/Maps/ThirdPersonMap/0/MN/MMSZD1NLCLVX1Z6Q0M601F
 |- Actor Path: /Game/ThirdPerson/Maps/ThirdPersonMap.ThirdPersonMap:PersistentLevel.LandscapeStreamingProxy_5H72K0F1N5FFV1U8OF5HUISJ2_126_1_3_0
 |- Actor Package: /Game/__ExternalActors__/ThirdPerson/Maps/ThirdPersonMap/C/1H/6S1268MHN2HJUR5MOARATR
 |- Actor Path: /Game/ThirdPerson/Maps/ThirdPersonMap.ThirdPersonMap:PersistentLevel.PlayerStart_0
 |- Actor Package: /Game/__ExternalActors__/ThirdPerson/Maps/ThirdPersonMap/D/DE/SWSI13675DVYIZ0N4NF7Y3
 |- Actor Path: /Game/ThirdPerson/Maps/ThirdPersonMap.ThirdPersonMap:PersistentLevel.PostProcessVolume_0
 |- Actor Package: /Game/__ExternalActors__/ThirdPerson/Maps/ThirdPersonMap/1/AZ/A7GPT109Y6ZTTJD4A7TXER
 |- Actor Path: /Game/ThirdPerson/Maps/ThirdPersonMap.ThirdPersonMap:PersistentLevel.SkyAtmosphere_0
 |- Actor Package: /Game/__ExternalActors__/ThirdPerson/Maps/ThirdPersonMap/4/LN/30UBDLYFFA5ZR7U4W4L4GG
 |- Actor Path: /Game/ThirdPerson/Maps/ThirdPersonMap.ThirdPersonMap:PersistentLevel.SkyLight_1
 |- Actor Package: /Game/__ExternalActors__/ThirdPerson/Maps/ThirdPersonMap/8/S1/DXUWD12MD3HRWVVXX076BY
 |- Actor Path: /Game/ThirdPerson/Maps/ThirdPersonMap.ThirdPersonMap:PersistentLevel.StaticMeshActor_UAID_A4AE111137DC5EFB00_1110535423
 |- Actor Package: /Game/__ExternalActors__/ThirdPerson/Maps/ThirdPersonMap/4/PN/2QISIGK5DJNQ05US8O8FXW
 |- Actor Path: /Game/ThirdPerson/Maps/ThirdPersonMap.ThirdPersonMap:PersistentLevel.StaticMeshActor_UAID_D8BBC1B6F3495E3B02_1771788889
 |- Actor Package: /Game/__ExternalActors__/ThirdPerson/Maps/ThirdPersonMap/F/4A/TRMHHGJPB6PN1GGPY3XWK5
 |- Actor Path: /Game/ThirdPerson/Maps/ThirdPersonMap.ThirdPersonMap:PersistentLevel.StaticMeshActor_UAID_D8BBC1B6F349812902_1666220563
 |- Actor Package: /Game/__ExternalActors__/ThirdPerson/Maps/ThirdPersonMap/1/6A/X9CMTBCTVMXKUTEPYNCVKH
 |- Actor Path: /Game/ThirdPerson/Maps/ThirdPersonMap.ThirdPersonMap:PersistentLevel.StaticMeshActor_UAID_D8BBC1B6F349812902_1677154628
 |- Actor Package: /Game/__ExternalActors__/ThirdPerson/Maps/ThirdPersonMap/8/BH/J6R66YHPSF8V3HQKPGXZ1L
 |- Actor Path: /Game/ThirdPerson/Maps/ThirdPersonMap.ThirdPersonMap:PersistentLevel.StaticMeshActor_UAID_D8BBC1B6F349812902_1683292693
 |- Actor Package: /Game/__ExternalActors__/ThirdPerson/Maps/ThirdPersonMap/0/RM/HDB4AXF52JRIJDAHCF3L06
 |- Actor Path: /Game/ThirdPerson/Maps/ThirdPersonMap.ThirdPersonMap:PersistentLevel.StaticMeshActor_UAID_D8BBC1B6F349AF2902_1919498592
 |- Actor Package: /Game/__ExternalActors__/ThirdPerson/Maps/ThirdPersonMap/9/D5/DJLRN6W9BUB3KIR2BTG0X1
 |- Actor Path: /Game/ThirdPerson/Maps/ThirdPersonMap.ThirdPersonMap:PersistentLevel.StaticMeshActor_UAID_D8BBC1B6F349AF2902_1986135597
 |- Actor Package: /Game/__ExternalActors__/ThirdPerson/Maps/ThirdPersonMap/D/V7/RUDPJ1AUD67IPH55UTOFGG
 |- Actor Path: /Game/ThirdPerson/Maps/ThirdPersonMap.ThirdPersonMap:PersistentLevel.StaticMeshActor_UAID_D8BBC1B6F349AF2902_1995102598
 |- Actor Package: /Game/__ExternalActors__/ThirdPerson/Maps/ThirdPersonMap/9/C1/IHKWKXHKFWO3KYLPS5DWPX
 |- Actor Path: /Game/ThirdPerson/Maps/ThirdPersonMap.ThirdPersonMap:PersistentLevel.StaticMeshActor_UAID_D8BBC1B6F349AF2902_2002807599
 |- Actor Package: /Game/__ExternalActors__/ThirdPerson/Maps/ThirdPersonMap/D/5Q/13ZPRU0FCTHZ924HMZKOT0
 |- Actor Path: /Game/ThirdPerson/Maps/ThirdPersonMap.ThirdPersonMap:PersistentLevel.StaticMeshActor_UAID_D8BBC1B6F349AF2902_2008696600
 |- Actor Package: /Game/__ExternalActors__/ThirdPerson/Maps/ThirdPersonMap/E/P6/TVL27RKNDDWYD3NNZDOHIX
 |- Actor Path: /Game/ThirdPerson/Maps/ThirdPersonMap.ThirdPersonMap:PersistentLevel.StaticMeshActor_UAID_D8BBC1B6F349AF2902_2008702601
 |- Actor Package: /Game/__ExternalActors__/ThirdPerson/Maps/ThirdPersonMap/3/EB/NMLPOU3208OQ72G4RR6S24
 |- Actor Path: /Game/ThirdPerson/Maps/ThirdPersonMap.ThirdPersonMap:PersistentLevel.StaticMeshActor_UAID_D8BBC1B6F349AF2902_2008707602
 |- Actor Package: /Game/__ExternalActors__/ThirdPerson/Maps/ThirdPersonMap/C/82/LMTYAY4HHDJMVGHDNBPQAS
 |- Actor Path: /Game/ThirdPerson/Maps/ThirdPersonMap.ThirdPersonMap:PersistentLevel.StaticMeshActor_UAID_D8BBC1B6F349AF2902_2034174603
 |- Actor Package: /Game/__ExternalActors__/ThirdPerson/Maps/ThirdPersonMap/A/AT/CMMK9VE034SP80JDYO3XN5
 |- Actor Path: /Game/ThirdPerson/Maps/ThirdPersonMap.ThirdPersonMap:PersistentLevel.StaticMeshActor_UAID_D8BBC1B6F349AF2902_2034178604
 |- Actor Package: /Game/__ExternalActors__/ThirdPerson/Maps/ThirdPersonMap/A/6F/B6EOM5AMF4AEA20B7XHNKG
 |- Actor Path: /Game/ThirdPerson/Maps/ThirdPersonMap.ThirdPersonMap:PersistentLevel.StaticMeshActor_UAID_D8BBC1B6F349AF2902_2034182605
 |- Actor Package: /Game/__ExternalActors__/ThirdPerson/Maps/ThirdPersonMap/6/AE/P63UWDKNSH3JWVD2EDKE8Z
 |- Actor Path: /Game/ThirdPerson/Maps/ThirdPersonMap.ThirdPersonMap:PersistentLevel.StaticMeshActor_UAID_D8BBC1B6F349AF2902_2034185606
 |- Actor Package: /Game/__ExternalActors__/ThirdPerson/Maps/ThirdPersonMap/6/DX/A582G6OTWZ8QWV97WJNXPR
 |- Actor Path: /Game/ThirdPerson/Maps/ThirdPersonMap.ThirdPersonMap:PersistentLevel.StaticMeshActor_UAID_D8BBC1B6F349AF2902_2034189607
 |- Actor Package: /Game/__ExternalActors__/ThirdPerson/Maps/ThirdPersonMap/5/9B/LX80HNO3YDDXHLX76VBPOP
 |- Actor Path: /Game/ThirdPerson/Maps/ThirdPersonMap.ThirdPersonMap:PersistentLevel.StaticMeshActor_UAID_D8BBC1B6F349AF2902_2034192608
 |- Actor Package: /Game/__ExternalActors__/ThirdPerson/Maps/ThirdPersonMap/0/69/I9YJT8P0VQOZM1GNIHXVW7
 |- Actor Path: /Game/ThirdPerson/Maps/ThirdPersonMap.ThirdPersonMap:PersistentLevel.StaticMeshActor_UAID_D8BBC1B6F349AF2902_2077876624
 |- Actor Package: /Game/__ExternalActors__/ThirdPerson/Maps/ThirdPersonMap/0/IV/42CVHS15C1GGIXBNK5G0OS
 |- Actor Path: /Game/ThirdPerson/Maps/ThirdPersonMap.ThirdPersonMap:PersistentLevel.StaticMeshActor_UAID_D8BBC1B6F349AF2902_2077893627
 |- Actor Package: /Game/__ExternalActors__/ThirdPerson/Maps/ThirdPersonMap/A/7P/RE2ZRIM85NKKDT2JN5RSES
 |- Actor Path: /Game/ThirdPerson/Maps/ThirdPersonMap.ThirdPersonMap:PersistentLevel.StaticMeshActor_UAID_D8BBC1B6F349AF2902_2096291636
 |- Actor Package: /Game/__ExternalActors__/ThirdPerson/Maps/ThirdPersonMap/E/ZU/4GJ9BR6B160H0H3FLDYXNX
 |- Actor Path: /Game/ThirdPerson/Maps/ThirdPersonMap.ThirdPersonMap:PersistentLevel.StaticMeshActor_UAID_D8BBC1B6F349AF2902_2096297637
 |- Actor Package: /Game/__ExternalActors__/ThirdPerson/Maps/ThirdPersonMap/5/49/N0VTV4IYP6KOJWZDG5FVEC
 |- Actor Path: /Game/ThirdPerson/Maps/ThirdPersonMap.ThirdPersonMap:PersistentLevel.StaticMeshActor_UAID_D8BBC1B6F349AF2902_2096300638
 |- Actor Package: /Game/__ExternalActors__/ThirdPerson/Maps/ThirdPersonMap/C/YS/G5J9ZIF09GHF979OMWWJ7I
 |- Actor Path: /Game/ThirdPerson/Maps/ThirdPersonMap.ThirdPersonMap:PersistentLevel.StaticMeshActor_UAID_D8BBC1B6F349AF2902_2096303639
 |- Actor Package: /Game/__ExternalActors__/ThirdPerson/Maps/ThirdPersonMap/1/YR/0L1KO4VGX55CDK0EUHQ5B8
 |- Actor Path: /Game/ThirdPerson/Maps/ThirdPersonMap.ThirdPersonMap:PersistentLevel.StaticMeshActor_UAID_D8BBC1B6F349AF2902_2096307640
 |- Actor Package: /Game/__ExternalActors__/ThirdPerson/Maps/ThirdPersonMap/B/EJ/DIAN97ZVXFE1IMTOLWS8WN
 |- Actor Path: /Game/ThirdPerson/Maps/ThirdPersonMap.ThirdPersonMap:PersistentLevel.StaticMeshActor_UAID_D8BBC1B6F349AF2902_2096310641
 |- Actor Package: /Game/__ExternalActors__/ThirdPerson/Maps/ThirdPersonMap/8/IQ/QI8HJGI7CDYT11QDWQ0XPS
 |- Actor Path: /Game/ThirdPerson/Maps/ThirdPersonMap.ThirdPersonMap:PersistentLevel.StaticMeshActor_UAID_D8BBC1B6F349AF2902_2112450642
 |- Actor Package: /Game/__ExternalActors__/ThirdPerson/Maps/ThirdPersonMap/B/AS/Y468VOGF03DYTYG1KVK33N
 |- Actor Path: /Game/ThirdPerson/Maps/ThirdPersonMap.ThirdPersonMap:PersistentLevel.StaticMeshActor_UAID_D8BBC1B6F349AF2902_2112458643
 |- Actor Package: /Game/__ExternalActors__/ThirdPerson/Maps/ThirdPersonMap/8/HX/XZTM4BSG5R1NO7NHYJ1UQK
 |- Actor Path: /Game/ThirdPerson/Maps/ThirdPersonMap.ThirdPersonMap:PersistentLevel.StaticMeshActor_UAID_D8BBC1B6F349AF2902_2112461644
 |- Actor Package: /Game/__ExternalActors__/ThirdPerson/Maps/ThirdPersonMap/C/63/ZV794JO4I8B2R490A7B7GR
 |- Actor Path: /Game/ThirdPerson/Maps/ThirdPersonMap.ThirdPersonMap:PersistentLevel.StaticMeshActor_UAID_D8BBC1B6F349AF2902_2112465645
 |- Actor Package: /Game/__ExternalActors__/ThirdPerson/Maps/ThirdPersonMap/D/EW/G3AVS92X373MA8VCO3PRI8
 |- Actor Path: /Game/ThirdPerson/Maps/ThirdPersonMap.ThirdPersonMap:PersistentLevel.StaticMeshActor_UAID_D8BBC1B6F349B02902_2033390117
 |- Actor Package: /Game/__ExternalActors__/ThirdPerson/Maps/ThirdPersonMap/D/AL/9Q10JNG83JN3TENC7JB0QY
 |- Actor Path: /Game/ThirdPerson/Maps/ThirdPersonMap.ThirdPersonMap:PersistentLevel.StaticMeshActor_UAID_D8BBC1B6F349B12902_1306184320
 |- Actor Package: /Game/__ExternalActors__/ThirdPerson/Maps/ThirdPersonMap/9/Z5/HEHV8E4N7A6IUXNJJZ21OG
 |- Actor Path: /Game/ThirdPerson/Maps/ThirdPersonMap.ThirdPersonMap:PersistentLevel.StaticMeshActor_UAID_D8BBC1B6F349B12902_1306187321
 |- Actor Package: /Game/__ExternalActors__/ThirdPerson/Maps/ThirdPersonMap/C/4T/Y3W1I4E2W9XOXXK3WPZQ4O
 |- Actor Path: /Game/ThirdPerson/Maps/ThirdPersonMap.ThirdPersonMap:PersistentLevel.StaticMeshActor_UAID_D8BBC1B6F349B42902_1946302171
 |- Actor Package: /Game/__ExternalActors__/ThirdPerson/Maps/ThirdPersonMap/A/HE/3ZJDCGI90QMZKUJP0BS7IF
 |- Actor Path: /Game/ThirdPerson/Maps/ThirdPersonMap.ThirdPersonMap:PersistentLevel.VolumetricCloud_0
 |- Actor Package: /Game/__ExternalActors__/ThirdPerson/Maps/ThirdPersonMap/3/EY/87SHEJN5UBEAN2K5OV1G6R
 |- Actor Path: /Game/ThirdPerson/Maps/ThirdPersonMap.ThirdPersonMap:PersistentLevel.WorldDataLayers
 |- Actor Package: /Game/__ExternalActors__/ThirdPerson/Maps/ThirdPersonMap/0/43/HYQWORMY4JDQ5X3OKZXFLC

----------------------------------------------------------------------------------------------------------------
ThirdPersonMap - Runtime Hash Set
----------------------------------------------------------------------------------------------------------------

