[+] Containers:
 |- [+] Container: /Game/ThirdPerson/Maps/ThirdPersonMap
 |   |- [+] ActorDescs:
 |   |   |- Guid:1476BA854F98AA1CDB20DDB34CA0FD76 BaseClass:/Game/FirstPerson/Blueprints/ProjectileShooter.ProjectileShooter_C NativeClass:/Script/Engine.Actor Name:ProjectileShooter_C_UAID_D8BBC1B6F349643B02_1653880399 Label:ProjectileShooter SpatiallyLoaded:1 Bounds:IsValid=true, Min=(X=9733.949 Y=589.788 Z=959.759), Max=(X=9856.220 Y=786.051 Z=1106.851) RuntimeGrid:None EditorOnly:0 RuntimeOnly:0 HLODRelevant:0 ListedInSceneOutliner:1 IsMainWorldOnly:0
 |   |   |- Guid:1B5A638E4ABFE34637377FAF4FCD32D5 BaseClass: NativeClass:/Script/Engine.StaticMeshActor Name:StaticMeshActor_UAID_D8BBC1B6F349683B02_1439239104 Label:GreenhouseShell SpatiallyLoaded:1 Bounds:IsValid=true, Min=(X=7580.000 Y=-4302.470 Z=657.668), Max=(X=9980.000 Y=2620.000 Z=1828.974) RuntimeGrid:None EditorOnly:0 RuntimeOnly:0 HLODRelevant:1 ListedInSceneOutliner:1 IsMainWorldOnly:0
 |   |   |- Guid:1F204AF74B46461856EDD2B4991005A6 BaseClass:/Game/FirstPerson/Blueprints/Walltest.Walltest_C NativeClass:/Script/Engine.Actor Name:Walltest_C_UAID_D8BBC1B6F349613B02_2053350879 Label:Walltest SpatiallyLoaded:1 Bounds:IsValid=true, Min=(X=10400.000 Y=610.000 Z=870.000), Max=(X=10500.000 Y=710.000 Z=970.000) RuntimeGrid:None EditorOnly:0 RuntimeOnly:0 HLODRelevant:0 ListedInSceneOutliner:1 IsMainWorldOnly:0
 |   |   |- Guid:2015CA5A41A8F710A3FEBB9541A3B36D BaseClass: NativeClass:/Script/Engine.StaticMeshActor Name:StaticMeshActor_UAID_D8BBC1B6F349683B02_1978832108 Label:Cube7 SpatiallyLoaded:1 Bounds:IsValid=true, Min=(X=7147.125 Y=614.625 Z=863.500), Max=(X=8572.875 Y=655.375 Z=1496.500) RuntimeGrid:None EditorOnly:0 RuntimeOnly:0 HLODRelevant:1 ListedInSceneOutliner:1 IsMainWorldOnly:0
 |   |   |- Guid:206622AC4F1393995A2A359C2021BA9E BaseClass: NativeClass:/Script/Engine.StaticMeshActor Name:StaticMeshActor_UAID_D8BBC1B6F349683B02_1761943106 Label:Cube5 SpatiallyLoaded:1 Bounds:IsValid=true, Min=(X=9934.250 Y=-4050.000 Z=813.500), Max=(X=10005.750 Y=2700.000 Z=1446.500) RuntimeGrid:None EditorOnly:0 RuntimeOnly:0 HLODRelevant:1 ListedInSceneOutliner:1 IsMainWorldOnly:0
 |   |   |- Guid:218405184611BB821C6C7595E1180C3E BaseClass: NativeClass:/Script/Engine.AmbientSound Name:AmbientSound_UAID_D8BBC1B6F349812902_1127997497 Label:Wild_Marionberries_Cue SpatiallyLoaded:1 Bounds:IsValid=true, Min=(X=1530.000 Y=1880.000 Z=0.000), Max=(X=1530.000 Y=1880.000 Z=0.000) RuntimeGrid:None EditorOnly:0 RuntimeOnly:0 HLODRelevant:0 ListedInSceneOutliner:1 IsMainWorldOnly:0
 |   |   |- Guid:25EE6DB44B345449865D88A78C1F02DE BaseClass:/Game/FirstPerson/Blueprints/ProjectileShooter.ProjectileShooter_C NativeClass:/Script/Engine.Actor Name:ProjectileShooter_C_UAID_D8BBC1B6F349693B02_1141014289 Label:ProjectileShooter3 SpatiallyLoaded:1 Bounds:IsValid=true, Min=(X=8461.691 Y=659.934 Z=1219.952), Max=(X=8498.309 Y=678.309 Z=1249.370) RuntimeGrid:None EditorOnly:0 RuntimeOnly:0 HLODRelevant:0 ListedInSceneOutliner:1 IsMainWorldOnly:0
 |   |   |- Guid:26D3B60C429F42CE7BD8849DE119EB64 BaseClass: NativeClass:/Script/Engine.StaticMeshActor Name:StaticMeshActor_UAID_D8BBC1B6F349603B02_1704494699 Label:Greenhouse SpatiallyLoaded:1 Bounds:IsValid=true, Min=(X=10399.992 Y=-308.008 Z=872.532), Max=(X=10985.012 Y=66.088 Z=1345.142) RuntimeGrid:None EditorOnly:0 RuntimeOnly:0 HLODRelevant:1 ListedInSceneOutliner:1 IsMainWorldOnly:0
 |   |   |- Guid:2FB58999456391D349DC0F86DAC136ED BaseClass: NativeClass:/Script/Engine.SkyLight Name:SkyLight_1 Label:SkyLight SpatiallyLoaded:0 Bounds:IsValid=true, Min=(X=0.000 Y=0.000 Z=690.000), Max=(X=0.000 Y=0.000 Z=690.000) RuntimeGrid:None EditorOnly:0 RuntimeOnly:0 HLODRelevant:0 ListedInSceneOutliner:1 IsMainWorldOnly:0 FolderPath:Lighting FolderGuid:963EC3EB4002CCE9759E2EBA541A873A
 |   |   |- Guid:316CF2A6494ACA4C0E4180A87D36AB8F BaseClass: NativeClass:/Script/Engine.ExponentialHeightFog Name:ExponentialHeightFog_0 Label:ExponentialHeightFog SpatiallyLoaded:0 Bounds:IsValid=true, Min=(X=-5600.000 Y=-50.000 Z=-6850.000), Max=(X=-5600.000 Y=-50.000 Z=-6850.000) RuntimeGrid:None EditorOnly:0 RuntimeOnly:0 HLODRelevant:0 ListedInSceneOutliner:1 IsMainWorldOnly:0 FolderPath:Lighting FolderGuid:963EC3EB4002CCE9759E2EBA541A873A
 |   |   |- Guid:316EE8D14B1C07D32DC347B1D72BCE16 BaseClass: NativeClass:/Script/Engine.StaticMeshActor Name:StaticMeshActor_UAID_D8BBC1B6F349812902_1677154628 Label:SM_SkySphere3 SpatiallyLoaded:0 Bounds:IsValid=true, Min=(X=-1731312.000 Y=-1714264.000 Z=-1638400.000), Max=(X=1735952.000 Y=1707944.000 Z=1638400.000) RuntimeGrid:None EditorOnly:0 RuntimeOnly:0 HLODRelevant:0 ListedInSceneOutliner:1 IsMainWorldOnly:0 FolderPath:Lighting FolderGuid:963EC3EB4002CCE9759E2EBA541A873A
 |   |   |- Guid:3A00AA1C422CE54C0BDB60BAF471BFBB BaseClass: NativeClass:/Script/Engine.PlayerStart Name:PlayerStart_0 Label:PlayerStart SpatiallyLoaded:0 Bounds:IsValid=true, Min=(X=7680.000 Y=1030.000 Z=880.013), Max=(X=7760.000 Y=1110.000 Z=1064.013) RuntimeGrid:None EditorOnly:0 RuntimeOnly:0 HLODRelevant:0 ListedInSceneOutliner:1 IsMainWorldOnly:0
 |   |   |- Guid:3DDC0BE94538108A3307109621DCD739 BaseClass: NativeClass:/Script/Engine.StaticMeshActor Name:StaticMeshActor_UAID_D8BBC1B6F349683B02_2134290111 Label:Cube10 SpatiallyLoaded:1 Bounds:IsValid=true, Min=(X=7147.125 Y=444.625 Z=863.500), Max=(X=8572.875 Y=485.375 Z=1496.500) RuntimeGrid:None EditorOnly:0 RuntimeOnly:0 HLODRelevant:1 ListedInSceneOutliner:1 IsMainWorldOnly:0
 |   |   |- Guid:402B64BE43BE96F5744C94ABC685D4FA BaseClass: NativeClass:/Script/Engine.StaticMeshActor Name:StaticMeshActor_UAID_D8BBC1B6F349812902_1666220563 Label:SM_SkySphere2 SpatiallyLoaded:0 Bounds:IsValid=true, Min=(X=-1731312.000 Y=-1711104.000 Z=-1638400.000), Max=(X=1735952.000 Y=1711104.000 Z=1638400.000) RuntimeGrid:None EditorOnly:0 RuntimeOnly:0 HLODRelevant:0 ListedInSceneOutliner:1 IsMainWorldOnly:0 FolderPath:Lighting FolderGuid:963EC3EB4002CCE9759E2EBA541A873A
 |   |   |- Guid:42CB47FD4C3483FD6F45669B368A818A BaseClass: NativeClass:/Script/Engine.StaticMeshActor Name:StaticMeshActor_UAID_D8BBC1B6F349683B02_2036893110 Label:Cube9 SpatiallyLoaded:1 Bounds:IsValid=true, Min=(X=7139.125 Y=449.746 Z=1286.158), Max=(X=8564.875 Y=1032.254 Z=1609.842) RuntimeGrid:None EditorOnly:0 RuntimeOnly:0 HLODRelevant:1 ListedInSceneOutliner:1 IsMainWorldOnly:0
 |   |   |- Guid:42F7F8E844EBB154BA6E86BA6E6624F2 BaseClass: NativeClass:/Script/Engine.StaticMeshActor Name:StaticMeshActor_UAID_D8BBC1B6F349603B02_1555569696 Label:Cube2 SpatiallyLoaded:1 Bounds:IsValid=true, Min=(X=7584.250 Y=-4100.000 Z=813.500), Max=(X=7655.750 Y=2750.000 Z=1446.500) RuntimeGrid:None EditorOnly:0 RuntimeOnly:0 HLODRelevant:1 ListedInSceneOutliner:1 IsMainWorldOnly:0
 |   |   |- Guid:4D3BE93F4146AAAC8BBE79999D96D57F BaseClass: NativeClass:/Script/Engine.VolumetricCloud Name:VolumetricCloud_0 Label:VolumetricCloud SpatiallyLoaded:0 Bounds:IsValid=true, Min=(X=0.000 Y=0.000 Z=820.000), Max=(X=0.000 Y=0.000 Z=820.000) RuntimeGrid:None EditorOnly:0 RuntimeOnly:0 HLODRelevant:0 ListedInSceneOutliner:1 IsMainWorldOnly:0 FolderPath:Lighting FolderGuid:963EC3EB4002CCE9759E2EBA541A873A
 |   |   |- Guid:671602C2459CFBE1BB208E95DF318888 BaseClass: NativeClass:/Script/Engine.StaticMeshActor Name:StaticMeshActor_UAID_D8BBC1B6F349683B02_1812092107 Label:Cube6 SpatiallyLoaded:1 Bounds:IsValid=true, Min=(X=5114.125 Y=2619.250 Z=357.500), Max=(X=13125.875 Y=2690.750 Z=1582.500) RuntimeGrid:None EditorOnly:0 RuntimeOnly:0 HLODRelevant:1 ListedInSceneOutliner:1 IsMainWorldOnly:0
 |   |   |- Guid:6BAF4DDD444C60371492D3919DB42C97 BaseClass: NativeClass:/Script/Engine.WorldDataLayers Name:WorldDataLayers Label:WorldDataLayers SpatiallyLoaded:0 Bounds:IsValid=true, Min=(X=0.000 Y=0.000 Z=0.000), Max=(X=0.000 Y=0.000 Z=0.000) RuntimeGrid:None EditorOnly:0 RuntimeOnly:0 HLODRelevant:0 ListedInSceneOutliner:1 IsMainWorldOnly:1
 |   |   |- Guid:6BF954F648D37517BBC583896230039A BaseClass: NativeClass:/Script/Landscape.LandscapeStreamingProxy Name:LandscapeStreamingProxy_5H72K0F1N5FFV1U8OF5HUISJ2_126_1_3_0 Label:LandscapeStreamingProxy_1_3_0 SpatiallyLoaded:1 Bounds:IsValid=true, Min=(X=2460.000 Y=510.000 Z=766.875), Max=(X=15060.000 Y=13110.000 Z=1891.094) RuntimeGrid:None EditorOnly:0 RuntimeOnly:0 HLODRelevant:1 ListedInSceneOutliner:1 IsMainWorldOnly:0
 |   |   |- Guid:807F55784265A4F9FBB519AF890C849A BaseClass: NativeClass:/Script/Engine.StaticMeshActor Name:StaticMeshActor_UAID_D8BBC1B6F349B42902_1946302171 Label:SM_SkySphere5 SpatiallyLoaded:0 Bounds:IsValid=true, Min=(X=-1716362.042 Y=-1705814.042 Z=-1638420.000), Max=(X=1750902.042 Y=1716394.042 Z=1638380.000) RuntimeGrid:None EditorOnly:0 RuntimeOnly:0 HLODRelevant:0 ListedInSceneOutliner:1 IsMainWorldOnly:0 FolderPath:Lighting FolderGuid:963EC3EB4002CCE9759E2EBA541A873A
 |   |   |- Guid:84C13BD34B27D2C18F029C87895ADC94 BaseClass: NativeClass:/Script/Landscape.LandscapeStreamingProxy Name:LandscapeStreamingProxy_5H72K0F1N5FFV1U8OF5HUISJ2_126_1_2_0 Label:LandscapeStreamingProxy_1_2_0 SpatiallyLoaded:1 Bounds:IsValid=true, Min=(X=2460.000 Y=-12090.000 Z=590.312), Max=(X=15060.000 Y=510.000 Z=1862.188) RuntimeGrid:None EditorOnly:0 RuntimeOnly:0 HLODRelevant:1 ListedInSceneOutliner:1 IsMainWorldOnly:0
 |   |   |- Guid:87AF044E4D50AC5BB382949500763B1A BaseClass: NativeClass:/Script/Engine.StaticMeshActor Name:StaticMeshActor_UAID_D8BBC1B6F349683B02_2021726109 Label:Cube8 SpatiallyLoaded:1 Bounds:IsValid=true, Min=(X=7167.125 Y=1139.625 Z=863.500), Max=(X=8592.875 Y=1180.375 Z=1496.500) RuntimeGrid:None EditorOnly:0 RuntimeOnly:0 HLODRelevant:1 ListedInSceneOutliner:1 IsMainWorldOnly:0
 |   |   |- Guid:89C94FB5462B1F291D6C1887CE3BEC84 BaseClass: NativeClass:/Script/Engine.StaticMeshActor Name:StaticMeshActor_UAID_D8BBC1B6F349603B02_1592985698 Label:Cube4 SpatiallyLoaded:1 Bounds:IsValid=true, Min=(X=10999.625 Y=1152.125 Z=863.500), Max=(X=11040.375 Y=2577.875 Z=1496.500) RuntimeGrid:None EditorOnly:0 RuntimeOnly:0 HLODRelevant:1 ListedInSceneOutliner:1 IsMainWorldOnly:0
 |   |   |- Guid:8DE6F49E44F77B18590EA2AC67025226 BaseClass: NativeClass:/Script/Engine.StaticMeshActor Name:StaticMeshActor_UAID_D8BBC1B6F349693B02_1294230291 Label:Cube13 SpatiallyLoaded:1 Bounds:IsValid=true, Min=(X=5114.125 Y=-3470.750 Z=357.500), Max=(X=13125.875 Y=-3399.250 Z=1582.500) RuntimeGrid:None EditorOnly:0 RuntimeOnly:0 HLODRelevant:1 ListedInSceneOutliner:1 IsMainWorldOnly:0
 |   |   |- Guid:9E15D898407C69DE4574AA882EF26490 BaseClass:/Game/FirstPerson/Blueprints/ProjectileShooter2.ProjectileShooter2_C NativeClass:/Script/Engine.Actor Name:ProjectileShooter2_C_UAID_D8BBC1B6F349673B02_1331261927 Label:ProjectileShooter2 SpatiallyLoaded:1 Bounds:IsValid=true, Min=(X=9262.500 Y=-60.000 Z=430.000), Max=(X=9457.500 Y=1140.000 Z=1630.000) RuntimeGrid:None EditorOnly:0 RuntimeOnly:0 HLODRelevant:0 ListedInSceneOutliner:1 IsMainWorldOnly:0
 |   |   |- Guid:A8FB4B1B4677EE9E5F7881A75527E275 BaseClass: NativeClass:/Script/Landscape.Landscape Name:Landscape_UAID_D8BBC1B6F3498C2902_2032253432 Label:Landscape SpatiallyLoaded:0 Bounds:IsValid=true, Min=(X=-10140.000 Y=-37290.000 Z=870.000), Max=(X=-10140.000 Y=-37290.000 Z=870.000) RuntimeGrid:None EditorOnly:0 RuntimeOnly:0 HLODRelevant:0 ListedInSceneOutliner:1 IsMainWorldOnly:0
 |   |   |- Guid:B3BFE3714F8CFBF56374E4BC16D0E8BD BaseClass: NativeClass:/Script/Engine.StaticMeshActor Name:StaticMeshActor_UAID_D8BBC1B6F349693B02_1172157290 Label:Cube12 SpatiallyLoaded:1 Bounds:IsValid=true, Min=(X=8550.000 Y=940.375 Z=1270.000), Max=(X=8590.000 Y=1139.625 Z=1470.000) RuntimeGrid:None EditorOnly:0 RuntimeOnly:0 HLODRelevant:1 ListedInSceneOutliner:1 IsMainWorldOnly:0
 |   |   |- Guid:B6A1A402476F01440103C9B5ACCA45AA BaseClass: NativeClass:/Script/Engine.StaticMeshActor Name:StaticMeshActor_UAID_D8BBC1B6F349603B02_1592982697 Label:Cube3 SpatiallyLoaded:1 Bounds:IsValid=true, Min=(X=10999.625 Y=-457.875 Z=863.500), Max=(X=11040.375 Y=967.875 Z=1496.500) RuntimeGrid:None EditorOnly:0 RuntimeOnly:0 HLODRelevant:1 ListedInSceneOutliner:1 IsMainWorldOnly:0
 |   |   |- Guid:B785ED2844B84CFB91E7F39FE661CD99 BaseClass: NativeClass:/Script/Engine.DirectionalLight Name:DirectionalLight_0 Label:DirectionalLight SpatiallyLoaded:0 Bounds:IsValid=true, Min=(X=-1048576.000 Y=-1048576.000 Z=-1048576.000), Max=(X=1048576.000 Y=1048576.000 Z=1048576.000) RuntimeGrid:None EditorOnly:0 RuntimeOnly:0 HLODRelevant:0 ListedInSceneOutliner:1 IsMainWorldOnly:0 FolderPath:Lighting FolderGuid:963EC3EB4002CCE9759E2EBA541A873A
 |   |   |- Guid:C9AAA56146BC4899CD753AB50B791A1F BaseClass: NativeClass:/Script/Engine.StaticMeshActor Name:StaticMeshActor_UAID_D8BBC1B6F349603B02_1176969695 Label:Cube SpatiallyLoaded:1 Bounds:IsValid=true, Min=(X=8549.625 Y=-462.875 Z=863.500), Max=(X=8590.375 Y=962.875 Z=1496.500) RuntimeGrid:None EditorOnly:0 RuntimeOnly:0 HLODRelevant:1 ListedInSceneOutliner:1 IsMainWorldOnly:0
 |   |   |- Guid:CCFF262C46EEFFDF319E7F9539CE697E BaseClass: NativeClass:/Script/Engine.SkyAtmosphere Name:SkyAtmosphere_0 Label:SkyAtmosphere SpatiallyLoaded:0 Bounds:IsValid=true, Min=(X=0.000 Y=0.000 Z=1020.000), Max=(X=0.000 Y=0.000 Z=1020.000) RuntimeGrid:None EditorOnly:0 RuntimeOnly:0 HLODRelevant:0 ListedInSceneOutliner:1 IsMainWorldOnly:0 FolderPath:Lighting FolderGuid:963EC3EB4002CCE9759E2EBA541A873A
 |   |   |- Guid:D167700940DF1794242284A74772BB02 BaseClass:/Game/StarterContent/Props/Door1.Door1_C NativeClass:/Script/Engine.Actor Name:Door1_C_UAID_D8BBC1B6F3494E3B02_1495933529 Label:Door1 SpatiallyLoaded:1 Bounds:IsValid=true, Min=(X=8340.000 Y=928.000 Z=862.000), Max=(X=8820.000 Y=1152.000 Z=1278.000) RuntimeGrid:None EditorOnly:0 RuntimeOnly:0 HLODRelevant:0 ListedInSceneOutliner:1 IsMainWorldOnly:0
 |   |   |- Guid:E980F2464406568C96F09AA2957A43AF BaseClass: NativeClass:/Script/Engine.StaticMeshActor Name:StaticMeshActor_UAID_D8BBC1B6F3495E3B02_1771788889 Label:Vert_001 SpatiallyLoaded:1 Bounds:IsValid=true, Min=(X=7900.000 Y=-4500.026 Z=869.995), Max=(X=10900.000 Y=1530.000 Z=2145.000) RuntimeGrid:None EditorOnly:0 RuntimeOnly:0 HLODRelevant:1 ListedInSceneOutliner:1 IsMainWorldOnly:0
 |   |   |- Guid:EC4E0C944CE6AC6E784BC6BB2916EA13 BaseClass: NativeClass:/Script/Engine.StaticMeshActor Name:StaticMeshActor_UAID_A4AE111137DC5EFB00_1110535423 Label:SM_SkySphere SpatiallyLoaded:0 Bounds:IsValid=true, Min=(X=-1734692.000 Y=-1711104.000 Z=-1636480.000), Max=(X=1732572.000 Y=1711104.000 Z=1640320.000) RuntimeGrid:None EditorOnly:0 RuntimeOnly:0 HLODRelevant:0 ListedInSceneOutliner:1 IsMainWorldOnly:0 FolderPath:Lighting FolderGuid:963EC3EB4002CCE9759E2EBA541A873A
 |   |   |- Guid:EFD48D4E494E7E605A99D59DE6956FA4 BaseClass: NativeClass:/Script/Engine.StaticMeshActor Name:StaticMeshActor_UAID_D8BBC1B6F349693B02_1098511288 Label:Cube11 SpatiallyLoaded:1 Bounds:IsValid=true, Min=(X=7128.125 Y=724.375 Z=1424.625), Max=(X=8553.875 Y=1155.625 Z=1465.375) RuntimeGrid:None EditorOnly:0 RuntimeOnly:0 HLODRelevant:1 ListedInSceneOutliner:1 IsMainWorldOnly:0
 |   |   |- Guid:F5E3FEB3450C49844FD93DA8E083C8AD BaseClass: NativeClass:/Script/Engine.PostProcessVolume Name:PostProcessVolume_0 Label:PostProcessVolume SpatiallyLoaded:0 Bounds:IsValid=true, Min=(X=0.000 Y=0.000 Z=400.000), Max=(X=200.000 Y=200.000 Z=600.000) RuntimeGrid:None EditorOnly:0 RuntimeOnly:0 HLODRelevant:0 ListedInSceneOutliner:1 IsMainWorldOnly:0 FolderPath:Lighting FolderGuid:963EC3EB4002CCE9759E2EBA541A873A
 |   |   |- Guid:FB6E6B044E83F0BAB1F0B8B9CE758814 BaseClass: NativeClass:/Script/Engine.StaticMeshActor Name:StaticMeshActor_UAID_D8BBC1B6F349812902_1683292693 Label:SM_SkySphere4 SpatiallyLoaded:0 Bounds:IsValid=true, Min=(X=-1733622.000 Y=-1714264.000 Z=-1638400.000), Max=(X=1733642.000 Y=1707944.000 Z=1638400.000) RuntimeGrid:None EditorOnly:0 RuntimeOnly:0 HLODRelevant:0 ListedInSceneOutliner:1 IsMainWorldOnly:0 FolderPath:Lighting FolderGuid:963EC3EB4002CCE9759E2EBA541A873A
 |   |- [+] Clusters:
 |   |   |- [+] [  0]
 |   |   |   |- Guid:1476BA854F98AA1CDB20DDB34CA0FD76 BaseClass:/Game/FirstPerson/Blueprints/ProjectileShooter.ProjectileShooter_C NativeClass:/Script/Engine.Actor Name:ProjectileShooter_C_UAID_D8BBC1B6F349643B02_1653880399 Label:ProjectileShooter SpatiallyLoaded:1 Bounds:IsValid=true, Min=(X=9733.949 Y=589.788 Z=959.759), Max=(X=9856.220 Y=786.051 Z=1106.851) RuntimeGrid:None EditorOnly:0 RuntimeOnly:0 HLODRelevant:0 ListedInSceneOutliner:1 IsMainWorldOnly:0
 |   |   |- [+] [  1]
 |   |   |   |- Guid:1B5A638E4ABFE34637377FAF4FCD32D5 BaseClass: NativeClass:/Script/Engine.StaticMeshActor Name:StaticMeshActor_UAID_D8BBC1B6F349683B02_1439239104 Label:GreenhouseShell SpatiallyLoaded:1 Bounds:IsValid=true, Min=(X=7580.000 Y=-4302.470 Z=657.668), Max=(X=9980.000 Y=2620.000 Z=1828.974) RuntimeGrid:None EditorOnly:0 RuntimeOnly:0 HLODRelevant:1 ListedInSceneOutliner:1 IsMainWorldOnly:0
 |   |   |- [+] [  2]
 |   |   |   |- Guid:1F204AF74B46461856EDD2B4991005A6 BaseClass:/Game/FirstPerson/Blueprints/Walltest.Walltest_C NativeClass:/Script/Engine.Actor Name:Walltest_C_UAID_D8BBC1B6F349613B02_2053350879 Label:Walltest SpatiallyLoaded:1 Bounds:IsValid=true, Min=(X=10400.000 Y=610.000 Z=870.000), Max=(X=10500.000 Y=710.000 Z=970.000) RuntimeGrid:None EditorOnly:0 RuntimeOnly:0 HLODRelevant:0 ListedInSceneOutliner:1 IsMainWorldOnly:0
 |   |   |- [+] [  3]
 |   |   |   |- Guid:2015CA5A41A8F710A3FEBB9541A3B36D BaseClass: NativeClass:/Script/Engine.StaticMeshActor Name:StaticMeshActor_UAID_D8BBC1B6F349683B02_1978832108 Label:Cube7 SpatiallyLoaded:1 Bounds:IsValid=true, Min=(X=7147.125 Y=614.625 Z=863.500), Max=(X=8572.875 Y=655.375 Z=1496.500) RuntimeGrid:None EditorOnly:0 RuntimeOnly:0 HLODRelevant:1 ListedInSceneOutliner:1 IsMainWorldOnly:0
 |   |   |- [+] [  4]
 |   |   |   |- Guid:206622AC4F1393995A2A359C2021BA9E BaseClass: NativeClass:/Script/Engine.StaticMeshActor Name:StaticMeshActor_UAID_D8BBC1B6F349683B02_1761943106 Label:Cube5 SpatiallyLoaded:1 Bounds:IsValid=true, Min=(X=9934.250 Y=-4050.000 Z=813.500), Max=(X=10005.750 Y=2700.000 Z=1446.500) RuntimeGrid:None EditorOnly:0 RuntimeOnly:0 HLODRelevant:1 ListedInSceneOutliner:1 IsMainWorldOnly:0
 |   |   |- [+] [  5]
 |   |   |   |- Guid:218405184611BB821C6C7595E1180C3E BaseClass: NativeClass:/Script/Engine.AmbientSound Name:AmbientSound_UAID_D8BBC1B6F349812902_1127997497 Label:Wild_Marionberries_Cue SpatiallyLoaded:1 Bounds:IsValid=true, Min=(X=1530.000 Y=1880.000 Z=0.000), Max=(X=1530.000 Y=1880.000 Z=0.000) RuntimeGrid:None EditorOnly:0 RuntimeOnly:0 HLODRelevant:0 ListedInSceneOutliner:1 IsMainWorldOnly:0
 |   |   |- [+] [  6]
 |   |   |   |- Guid:25EE6DB44B345449865D88A78C1F02DE BaseClass:/Game/FirstPerson/Blueprints/ProjectileShooter.ProjectileShooter_C NativeClass:/Script/Engine.Actor Name:ProjectileShooter_C_UAID_D8BBC1B6F349693B02_1141014289 Label:ProjectileShooter3 SpatiallyLoaded:1 Bounds:IsValid=true, Min=(X=8461.691 Y=659.934 Z=1219.952), Max=(X=8498.309 Y=678.309 Z=1249.370) RuntimeGrid:None EditorOnly:0 RuntimeOnly:0 HLODRelevant:0 ListedInSceneOutliner:1 IsMainWorldOnly:0
 |   |   |- [+] [  7]
 |   |   |   |- Guid:26D3B60C429F42CE7BD8849DE119EB64 BaseClass: NativeClass:/Script/Engine.StaticMeshActor Name:StaticMeshActor_UAID_D8BBC1B6F349603B02_1704494699 Label:Greenhouse SpatiallyLoaded:1 Bounds:IsValid=true, Min=(X=10399.992 Y=-308.008 Z=872.532), Max=(X=10985.012 Y=66.088 Z=1345.142) RuntimeGrid:None EditorOnly:0 RuntimeOnly:0 HLODRelevant:1 ListedInSceneOutliner:1 IsMainWorldOnly:0
 |   |   |- [+] [  8]
 |   |   |   |- Guid:2FB58999456391D349DC0F86DAC136ED BaseClass: NativeClass:/Script/Engine.SkyLight Name:SkyLight_1 Label:SkyLight SpatiallyLoaded:0 Bounds:IsValid=true, Min=(X=0.000 Y=0.000 Z=690.000), Max=(X=0.000 Y=0.000 Z=690.000) RuntimeGrid:None EditorOnly:0 RuntimeOnly:0 HLODRelevant:0 ListedInSceneOutliner:1 IsMainWorldOnly:0 FolderPath:Lighting FolderGuid:963EC3EB4002CCE9759E2EBA541A873A
 |   |   |- [+] [  9]
 |   |   |   |- Guid:316CF2A6494ACA4C0E4180A87D36AB8F BaseClass: NativeClass:/Script/Engine.ExponentialHeightFog Name:ExponentialHeightFog_0 Label:ExponentialHeightFog SpatiallyLoaded:0 Bounds:IsValid=true, Min=(X=-5600.000 Y=-50.000 Z=-6850.000), Max=(X=-5600.000 Y=-50.000 Z=-6850.000) RuntimeGrid:None EditorOnly:0 RuntimeOnly:0 HLODRelevant:0 ListedInSceneOutliner:1 IsMainWorldOnly:0 FolderPath:Lighting FolderGuid:963EC3EB4002CCE9759E2EBA541A873A
 |   |   |- [+] [ 10]
 |   |   |   |- Guid:316EE8D14B1C07D32DC347B1D72BCE16 BaseClass: NativeClass:/Script/Engine.StaticMeshActor Name:StaticMeshActor_UAID_D8BBC1B6F349812902_1677154628 Label:SM_SkySphere3 SpatiallyLoaded:0 Bounds:IsValid=true, Min=(X=-1731312.000 Y=-1714264.000 Z=-1638400.000), Max=(X=1735952.000 Y=1707944.000 Z=1638400.000) RuntimeGrid:None EditorOnly:0 RuntimeOnly:0 HLODRelevant:0 ListedInSceneOutliner:1 IsMainWorldOnly:0 FolderPath:Lighting FolderGuid:963EC3EB4002CCE9759E2EBA541A873A
 |   |   |- [+] [ 11]
 |   |   |   |- Guid:3A00AA1C422CE54C0BDB60BAF471BFBB BaseClass: NativeClass:/Script/Engine.PlayerStart Name:PlayerStart_0 Label:PlayerStart SpatiallyLoaded:0 Bounds:IsValid=true, Min=(X=7680.000 Y=1030.000 Z=880.013), Max=(X=7760.000 Y=1110.000 Z=1064.013) RuntimeGrid:None EditorOnly:0 RuntimeOnly:0 HLODRelevant:0 ListedInSceneOutliner:1 IsMainWorldOnly:0
 |   |   |- [+] [ 12]
 |   |   |   |- Guid:3DDC0BE94538108A3307109621DCD739 BaseClass: NativeClass:/Script/Engine.StaticMeshActor Name:StaticMeshActor_UAID_D8BBC1B6F349683B02_2134290111 Label:Cube10 SpatiallyLoaded:1 Bounds:IsValid=true, Min=(X=7147.125 Y=444.625 Z=863.500), Max=(X=8572.875 Y=485.375 Z=1496.500) RuntimeGrid:None EditorOnly:0 RuntimeOnly:0 HLODRelevant:1 ListedInSceneOutliner:1 IsMainWorldOnly:0
 |   |   |- [+] [ 13]
 |   |   |   |- Guid:402B64BE43BE96F5744C94ABC685D4FA BaseClass: NativeClass:/Script/Engine.StaticMeshActor Name:StaticMeshActor_UAID_D8BBC1B6F349812902_1666220563 Label:SM_SkySphere2 SpatiallyLoaded:0 Bounds:IsValid=true, Min=(X=-1731312.000 Y=-1711104.000 Z=-1638400.000), Max=(X=1735952.000 Y=1711104.000 Z=1638400.000) RuntimeGrid:None EditorOnly:0 RuntimeOnly:0 HLODRelevant:0 ListedInSceneOutliner:1 IsMainWorldOnly:0 FolderPath:Lighting FolderGuid:963EC3EB4002CCE9759E2EBA541A873A
 |   |   |- [+] [ 14]
 |   |   |   |- Guid:42CB47FD4C3483FD6F45669B368A818A BaseClass: NativeClass:/Script/Engine.StaticMeshActor Name:StaticMeshActor_UAID_D8BBC1B6F349683B02_2036893110 Label:Cube9 SpatiallyLoaded:1 Bounds:IsValid=true, Min=(X=7139.125 Y=449.746 Z=1286.158), Max=(X=8564.875 Y=1032.254 Z=1609.842) RuntimeGrid:None EditorOnly:0 RuntimeOnly:0 HLODRelevant:1 ListedInSceneOutliner:1 IsMainWorldOnly:0
 |   |   |- [+] [ 15]
 |   |   |   |- Guid:42F7F8E844EBB154BA6E86BA6E6624F2 BaseClass: NativeClass:/Script/Engine.StaticMeshActor Name:StaticMeshActor_UAID_D8BBC1B6F349603B02_1555569696 Label:Cube2 SpatiallyLoaded:1 Bounds:IsValid=true, Min=(X=7584.250 Y=-4100.000 Z=813.500), Max=(X=7655.750 Y=2750.000 Z=1446.500) RuntimeGrid:None EditorOnly:0 RuntimeOnly:0 HLODRelevant:1 ListedInSceneOutliner:1 IsMainWorldOnly:0
 |   |   |- [+] [ 16]
 |   |   |   |- Guid:4D3BE93F4146AAAC8BBE79999D96D57F BaseClass: NativeClass:/Script/Engine.VolumetricCloud Name:VolumetricCloud_0 Label:VolumetricCloud SpatiallyLoaded:0 Bounds:IsValid=true, Min=(X=0.000 Y=0.000 Z=820.000), Max=(X=0.000 Y=0.000 Z=820.000) RuntimeGrid:None EditorOnly:0 RuntimeOnly:0 HLODRelevant:0 ListedInSceneOutliner:1 IsMainWorldOnly:0 FolderPath:Lighting FolderGuid:963EC3EB4002CCE9759E2EBA541A873A
 |   |   |- [+] [ 17]
 |   |   |   |- Guid:671602C2459CFBE1BB208E95DF318888 BaseClass: NativeClass:/Script/Engine.StaticMeshActor Name:StaticMeshActor_UAID_D8BBC1B6F349683B02_1812092107 Label:Cube6 SpatiallyLoaded:1 Bounds:IsValid=true, Min=(X=5114.125 Y=2619.250 Z=357.500), Max=(X=13125.875 Y=2690.750 Z=1582.500) RuntimeGrid:None EditorOnly:0 RuntimeOnly:0 HLODRelevant:1 ListedInSceneOutliner:1 IsMainWorldOnly:0
 |   |   |- [+] [ 18]
 |   |   |   |- Guid:6BAF4DDD444C60371492D3919DB42C97 BaseClass: NativeClass:/Script/Engine.WorldDataLayers Name:WorldDataLayers Label:WorldDataLayers SpatiallyLoaded:0 Bounds:IsValid=true, Min=(X=0.000 Y=0.000 Z=0.000), Max=(X=0.000 Y=0.000 Z=0.000) RuntimeGrid:None EditorOnly:0 RuntimeOnly:0 HLODRelevant:0 ListedInSceneOutliner:1 IsMainWorldOnly:1
 |   |   |- [+] [ 19]
 |   |   |   |- Guid:6BF954F648D37517BBC583896230039A BaseClass: NativeClass:/Script/Landscape.LandscapeStreamingProxy Name:LandscapeStreamingProxy_5H72K0F1N5FFV1U8OF5HUISJ2_126_1_3_0 Label:LandscapeStreamingProxy_1_3_0 SpatiallyLoaded:1 Bounds:IsValid=true, Min=(X=2460.000 Y=510.000 Z=766.875), Max=(X=15060.000 Y=13110.000 Z=1891.094) RuntimeGrid:None EditorOnly:0 RuntimeOnly:0 HLODRelevant:1 ListedInSceneOutliner:1 IsMainWorldOnly:0
 |   |   |- [+] [ 20]
 |   |   |   |- Guid:807F55784265A4F9FBB519AF890C849A BaseClass: NativeClass:/Script/Engine.StaticMeshActor Name:StaticMeshActor_UAID_D8BBC1B6F349B42902_1946302171 Label:SM_SkySphere5 SpatiallyLoaded:0 Bounds:IsValid=true, Min=(X=-1716362.042 Y=-1705814.042 Z=-1638420.000), Max=(X=1750902.042 Y=1716394.042 Z=1638380.000) RuntimeGrid:None EditorOnly:0 RuntimeOnly:0 HLODRelevant:0 ListedInSceneOutliner:1 IsMainWorldOnly:0 FolderPath:Lighting FolderGuid:963EC3EB4002CCE9759E2EBA541A873A
 |   |   |- [+] [ 21]
 |   |   |   |- Guid:84C13BD34B27D2C18F029C87895ADC94 BaseClass: NativeClass:/Script/Landscape.LandscapeStreamingProxy Name:LandscapeStreamingProxy_5H72K0F1N5FFV1U8OF5HUISJ2_126_1_2_0 Label:LandscapeStreamingProxy_1_2_0 SpatiallyLoaded:1 Bounds:IsValid=true, Min=(X=2460.000 Y=-12090.000 Z=590.312), Max=(X=15060.000 Y=510.000 Z=1862.188) RuntimeGrid:None EditorOnly:0 RuntimeOnly:0 HLODRelevant:1 ListedInSceneOutliner:1 IsMainWorldOnly:0
 |   |   |- [+] [ 22]
 |   |   |   |- Guid:87AF044E4D50AC5BB382949500763B1A BaseClass: NativeClass:/Script/Engine.StaticMeshActor Name:StaticMeshActor_UAID_D8BBC1B6F349683B02_2021726109 Label:Cube8 SpatiallyLoaded:1 Bounds:IsValid=true, Min=(X=7167.125 Y=1139.625 Z=863.500), Max=(X=8592.875 Y=1180.375 Z=1496.500) RuntimeGrid:None EditorOnly:0 RuntimeOnly:0 HLODRelevant:1 ListedInSceneOutliner:1 IsMainWorldOnly:0
 |   |   |- [+] [ 23]
 |   |   |   |- Guid:89C94FB5462B1F291D6C1887CE3BEC84 BaseClass: NativeClass:/Script/Engine.StaticMeshActor Name:StaticMeshActor_UAID_D8BBC1B6F349603B02_1592985698 Label:Cube4 SpatiallyLoaded:1 Bounds:IsValid=true, Min=(X=10999.625 Y=1152.125 Z=863.500), Max=(X=11040.375 Y=2577.875 Z=1496.500) RuntimeGrid:None EditorOnly:0 RuntimeOnly:0 HLODRelevant:1 ListedInSceneOutliner:1 IsMainWorldOnly:0
 |   |   |- [+] [ 24]
 |   |   |   |- Guid:8DE6F49E44F77B18590EA2AC67025226 BaseClass: NativeClass:/Script/Engine.StaticMeshActor Name:StaticMeshActor_UAID_D8BBC1B6F349693B02_1294230291 Label:Cube13 SpatiallyLoaded:1 Bounds:IsValid=true, Min=(X=5114.125 Y=-3470.750 Z=357.500), Max=(X=13125.875 Y=-3399.250 Z=1582.500) RuntimeGrid:None EditorOnly:0 RuntimeOnly:0 HLODRelevant:1 ListedInSceneOutliner:1 IsMainWorldOnly:0
 |   |   |- [+] [ 25]
 |   |   |   |- Guid:9E15D898407C69DE4574AA882EF26490 BaseClass:/Game/FirstPerson/Blueprints/ProjectileShooter2.ProjectileShooter2_C NativeClass:/Script/Engine.Actor Name:ProjectileShooter2_C_UAID_D8BBC1B6F349673B02_1331261927 Label:ProjectileShooter2 SpatiallyLoaded:1 Bounds:IsValid=true, Min=(X=9262.500 Y=-60.000 Z=430.000), Max=(X=9457.500 Y=1140.000 Z=1630.000) RuntimeGrid:None EditorOnly:0 RuntimeOnly:0 HLODRelevant:0 ListedInSceneOutliner:1 IsMainWorldOnly:0
 |   |   |- [+] [ 26]
 |   |   |   |- Guid:A8FB4B1B4677EE9E5F7881A75527E275 BaseClass: NativeClass:/Script/Landscape.Landscape Name:Landscape_UAID_D8BBC1B6F3498C2902_2032253432 Label:Landscape SpatiallyLoaded:0 Bounds:IsValid=true, Min=(X=-10140.000 Y=-37290.000 Z=870.000), Max=(X=-10140.000 Y=-37290.000 Z=870.000) RuntimeGrid:None EditorOnly:0 RuntimeOnly:0 HLODRelevant:0 ListedInSceneOutliner:1 IsMainWorldOnly:0
 |   |   |- [+] [ 27]
 |   |   |   |- Guid:B3BFE3714F8CFBF56374E4BC16D0E8BD BaseClass: NativeClass:/Script/Engine.StaticMeshActor Name:StaticMeshActor_UAID_D8BBC1B6F349693B02_1172157290 Label:Cube12 SpatiallyLoaded:1 Bounds:IsValid=true, Min=(X=8550.000 Y=940.375 Z=1270.000), Max=(X=8590.000 Y=1139.625 Z=1470.000) RuntimeGrid:None EditorOnly:0 RuntimeOnly:0 HLODRelevant:1 ListedInSceneOutliner:1 IsMainWorldOnly:0
 |   |   |- [+] [ 28]
 |   |   |   |- Guid:B6A1A402476F01440103C9B5ACCA45AA BaseClass: NativeClass:/Script/Engine.StaticMeshActor Name:StaticMeshActor_UAID_D8BBC1B6F349603B02_1592982697 Label:Cube3 SpatiallyLoaded:1 Bounds:IsValid=true, Min=(X=10999.625 Y=-457.875 Z=863.500), Max=(X=11040.375 Y=967.875 Z=1496.500) RuntimeGrid:None EditorOnly:0 RuntimeOnly:0 HLODRelevant:1 ListedInSceneOutliner:1 IsMainWorldOnly:0
 |   |   |- [+] [ 29]
 |   |   |   |- Guid:B785ED2844B84CFB91E7F39FE661CD99 BaseClass: NativeClass:/Script/Engine.DirectionalLight Name:DirectionalLight_0 Label:DirectionalLight SpatiallyLoaded:0 Bounds:IsValid=true, Min=(X=-1048576.000 Y=-1048576.000 Z=-1048576.000), Max=(X=1048576.000 Y=1048576.000 Z=1048576.000) RuntimeGrid:None EditorOnly:0 RuntimeOnly:0 HLODRelevant:0 ListedInSceneOutliner:1 IsMainWorldOnly:0 FolderPath:Lighting FolderGuid:963EC3EB4002CCE9759E2EBA541A873A
 |   |   |- [+] [ 30]
 |   |   |   |- Guid:C9AAA56146BC4899CD753AB50B791A1F BaseClass: NativeClass:/Script/Engine.StaticMeshActor Name:StaticMeshActor_UAID_D8BBC1B6F349603B02_1176969695 Label:Cube SpatiallyLoaded:1 Bounds:IsValid=true, Min=(X=8549.625 Y=-462.875 Z=863.500), Max=(X=8590.375 Y=962.875 Z=1496.500) RuntimeGrid:None EditorOnly:0 RuntimeOnly:0 HLODRelevant:1 ListedInSceneOutliner:1 IsMainWorldOnly:0
 |   |   |- [+] [ 31]
 |   |   |   |- Guid:CCFF262C46EEFFDF319E7F9539CE697E BaseClass: NativeClass:/Script/Engine.SkyAtmosphere Name:SkyAtmosphere_0 Label:SkyAtmosphere SpatiallyLoaded:0 Bounds:IsValid=true, Min=(X=0.000 Y=0.000 Z=1020.000), Max=(X=0.000 Y=0.000 Z=1020.000) RuntimeGrid:None EditorOnly:0 RuntimeOnly:0 HLODRelevant:0 ListedInSceneOutliner:1 IsMainWorldOnly:0 FolderPath:Lighting FolderGuid:963EC3EB4002CCE9759E2EBA541A873A
 |   |   |- [+] [ 32]
 |   |   |   |- Guid:D167700940DF1794242284A74772BB02 BaseClass:/Game/StarterContent/Props/Door1.Door1_C NativeClass:/Script/Engine.Actor Name:Door1_C_UAID_D8BBC1B6F3494E3B02_1495933529 Label:Door1 SpatiallyLoaded:1 Bounds:IsValid=true, Min=(X=8340.000 Y=928.000 Z=862.000), Max=(X=8820.000 Y=1152.000 Z=1278.000) RuntimeGrid:None EditorOnly:0 RuntimeOnly:0 HLODRelevant:0 ListedInSceneOutliner:1 IsMainWorldOnly:0
 |   |   |- [+] [ 33]
 |   |   |   |- Guid:E980F2464406568C96F09AA2957A43AF BaseClass: NativeClass:/Script/Engine.StaticMeshActor Name:StaticMeshActor_UAID_D8BBC1B6F3495E3B02_1771788889 Label:Vert_001 SpatiallyLoaded:1 Bounds:IsValid=true, Min=(X=7900.000 Y=-4500.026 Z=869.995), Max=(X=10900.000 Y=1530.000 Z=2145.000) RuntimeGrid:None EditorOnly:0 RuntimeOnly:0 HLODRelevant:1 ListedInSceneOutliner:1 IsMainWorldOnly:0
 |   |   |- [+] [ 34]
 |   |   |   |- Guid:EC4E0C944CE6AC6E784BC6BB2916EA13 BaseClass: NativeClass:/Script/Engine.StaticMeshActor Name:StaticMeshActor_UAID_A4AE111137DC5EFB00_1110535423 Label:SM_SkySphere SpatiallyLoaded:0 Bounds:IsValid=true, Min=(X=-1734692.000 Y=-1711104.000 Z=-1636480.000), Max=(X=1732572.000 Y=1711104.000 Z=1640320.000) RuntimeGrid:None EditorOnly:0 RuntimeOnly:0 HLODRelevant:0 ListedInSceneOutliner:1 IsMainWorldOnly:0 FolderPath:Lighting FolderGuid:963EC3EB4002CCE9759E2EBA541A873A
 |   |   |- [+] [ 35]
 |   |   |   |- Guid:EFD48D4E494E7E605A99D59DE6956FA4 BaseClass: NativeClass:/Script/Engine.StaticMeshActor Name:StaticMeshActor_UAID_D8BBC1B6F349693B02_1098511288 Label:Cube11 SpatiallyLoaded:1 Bounds:IsValid=true, Min=(X=7128.125 Y=724.375 Z=1424.625), Max=(X=8553.875 Y=1155.625 Z=1465.375) RuntimeGrid:None EditorOnly:0 RuntimeOnly:0 HLODRelevant:1 ListedInSceneOutliner:1 IsMainWorldOnly:0
 |   |   |- [+] [ 36]
 |   |   |   |- Guid:F5E3FEB3450C49844FD93DA8E083C8AD BaseClass: NativeClass:/Script/Engine.PostProcessVolume Name:PostProcessVolume_0 Label:PostProcessVolume SpatiallyLoaded:0 Bounds:IsValid=true, Min=(X=0.000 Y=0.000 Z=400.000), Max=(X=200.000 Y=200.000 Z=600.000) RuntimeGrid:None EditorOnly:0 RuntimeOnly:0 HLODRelevant:0 ListedInSceneOutliner:1 IsMainWorldOnly:0 FolderPath:Lighting FolderGuid:963EC3EB4002CCE9759E2EBA541A873A
 |   |   |- [+] [ 37]
 |   |   |   |- Guid:FB6E6B044E83F0BAB1F0B8B9CE758814 BaseClass: NativeClass:/Script/Engine.StaticMeshActor Name:StaticMeshActor_UAID_D8BBC1B6F349812902_1683292693 Label:SM_SkySphere4 SpatiallyLoaded:0 Bounds:IsValid=true, Min=(X=-1733622.000 Y=-1714264.000 Z=-1638400.000), Max=(X=1733642.000 Y=1707944.000 Z=1638400.000) RuntimeGrid:None EditorOnly:0 RuntimeOnly:0 HLODRelevant:0 ListedInSceneOutliner:1 IsMainWorldOnly:0 FolderPath:Lighting FolderGuid:963EC3EB4002CCE9759E2EBA541A873A
 |- ContainerInstances:
 |- [+] MainContainer:
 |   |-        ID: 00000000000000000000000000000000
 |   |-  ParentID: 00000000000000000000000000000000
 |   |-    Bounds: IsValid=false, Min=(X=0.000 Y=0.000 Z=0.000), Max=(X=0.000 Y=0.000 Z=0.000)
 |   |- Transform: 0.000000,0.000000,0.000000|0.000000,0.000000,-0.000000|1.000000,1.000000,1.000000
 |   |- Container: /Game/ThirdPerson/Maps/ThirdPersonMap
----------------------------------------------------------------------------------------------------------------
ThirdPersonMap - Persistent Level
----------------------------------------------------------------------------------------------------------------
[+] Content of ThirdPersonMap Persistent Level
 |- Always loaded Actor Count: 38 
 |- Actor Path: /Game/ThirdPerson/Maps/ThirdPersonMap.ThirdPersonMap:PersistentLevel.AmbientSound_UAID_D8BBC1B6F349812902_1127997497
 |- Actor Package: /Game/__ExternalActors__/ThirdPerson/Maps/ThirdPersonMap/0/2L/BV6G9HAJNXG30Q75ZDE2A2
 |- Actor Path: /Game/ThirdPerson/Maps/ThirdPersonMap.ThirdPersonMap:PersistentLevel.DirectionalLight_0
 |- Actor Package: /Game/__ExternalActors__/ThirdPerson/Maps/ThirdPersonMap/5/R1/TS5OQ5CRUWFZYL1ZQ7I416
 |- Actor Path: /Game/ThirdPerson/Maps/ThirdPersonMap.ThirdPersonMap:PersistentLevel.Door1_C_UAID_D8BBC1B6F3494E3B02_1495933529
 |- Actor Package: /Game/__ExternalActors__/ThirdPerson/Maps/ThirdPersonMap/E/1C/G9F24167Y87VAZA02U3R06
 |- Actor Path: /Game/ThirdPerson/Maps/ThirdPersonMap.ThirdPersonMap:PersistentLevel.ExponentialHeightFog_0
 |- Actor Package: /Game/__ExternalActors__/ThirdPerson/Maps/ThirdPersonMap/6/J7/N10XDC9G27EMLS5AGZ6AVV
 |- Actor Path: /Game/ThirdPerson/Maps/ThirdPersonMap.ThirdPersonMap:PersistentLevel.Landscape_UAID_D8BBC1B6F3498C2902_2032253432
 |- Actor Package: /Game/__ExternalActors__/ThirdPerson/Maps/ThirdPersonMap/4/IF/7N4DR93NHECWSVTBZFQ2M3
 |- Actor Path: /Game/ThirdPerson/Maps/ThirdPersonMap.ThirdPersonMap:PersistentLevel.LandscapeStreamingProxy_5H72K0F1N5FFV1U8OF5HUISJ2_126_1_2_0
 |- Actor Package: /Game/__ExternalActors__/ThirdPerson/Maps/ThirdPersonMap/0/MN/MMSZD1NLCLVX1Z6Q0M601F
 |- Actor Path: /Game/ThirdPerson/Maps/ThirdPersonMap.ThirdPersonMap:PersistentLevel.LandscapeStreamingProxy_5H72K0F1N5FFV1U8OF5HUISJ2_126_1_3_0
 |- Actor Package: /Game/__ExternalActors__/ThirdPerson/Maps/ThirdPersonMap/C/1H/6S1268MHN2HJUR5MOARATR
 |- Actor Path: /Game/ThirdPerson/Maps/ThirdPersonMap.ThirdPersonMap:PersistentLevel.PlayerStart_0
 |- Actor Package: /Game/__ExternalActors__/ThirdPerson/Maps/ThirdPersonMap/D/DE/SWSI13675DVYIZ0N4NF7Y3
 |- Actor Path: /Game/ThirdPerson/Maps/ThirdPersonMap.ThirdPersonMap:PersistentLevel.PostProcessVolume_0
 |- Actor Package: /Game/__ExternalActors__/ThirdPerson/Maps/ThirdPersonMap/1/AZ/A7GPT109Y6ZTTJD4A7TXER
 |- Actor Path: /Game/ThirdPerson/Maps/ThirdPersonMap.ThirdPersonMap:PersistentLevel.ProjectileShooter2_C_UAID_D8BBC1B6F349673B02_1331261927
 |- Actor Package: /Game/__ExternalActors__/ThirdPerson/Maps/ThirdPersonMap/4/1I/JRIYK63B1NHOSZB6VBSLRL
 |- Actor Path: /Game/ThirdPerson/Maps/ThirdPersonMap.ThirdPersonMap:PersistentLevel.ProjectileShooter_C_UAID_D8BBC1B6F349643B02_1653880399
 |- Actor Package: /Game/__ExternalActors__/ThirdPerson/Maps/ThirdPersonMap/A/J7/RVLN2TPAQM8R428WLBERRN
 |- Actor Path: /Game/ThirdPerson/Maps/ThirdPersonMap.ThirdPersonMap:PersistentLevel.ProjectileShooter_C_UAID_D8BBC1B6F349693B02_1141014289
 |- Actor Package: /Game/__ExternalActors__/ThirdPerson/Maps/ThirdPersonMap/A/0K/7GT4O873CF3JBWZDYW3EL7
 |- Actor Path: /Game/ThirdPerson/Maps/ThirdPersonMap.ThirdPersonMap:PersistentLevel.SkyAtmosphere_0
 |- Actor Package: /Game/__ExternalActors__/ThirdPerson/Maps/ThirdPersonMap/4/LN/30UBDLYFFA5ZR7U4W4L4GG
 |- Actor Path: /Game/ThirdPerson/Maps/ThirdPersonMap.ThirdPersonMap:PersistentLevel.SkyLight_1
 |- Actor Package: /Game/__ExternalActors__/ThirdPerson/Maps/ThirdPersonMap/8/S1/DXUWD12MD3HRWVVXX076BY
 |- Actor Path: /Game/ThirdPerson/Maps/ThirdPersonMap.ThirdPersonMap:PersistentLevel.StaticMeshActor_UAID_A4AE111137DC5EFB00_1110535423
 |- Actor Package: /Game/__ExternalActors__/ThirdPerson/Maps/ThirdPersonMap/4/PN/2QISIGK5DJNQ05US8O8FXW
 |- Actor Path: /Game/ThirdPerson/Maps/ThirdPersonMap.ThirdPersonMap:PersistentLevel.StaticMeshActor_UAID_D8BBC1B6F3495E3B02_1771788889
 |- Actor Package: /Game/__ExternalActors__/ThirdPerson/Maps/ThirdPersonMap/F/4A/TRMHHGJPB6PN1GGPY3XWK5
 |- Actor Path: /Game/ThirdPerson/Maps/ThirdPersonMap.ThirdPersonMap:PersistentLevel.StaticMeshActor_UAID_D8BBC1B6F349603B02_1176969695
 |- Actor Package: /Game/__ExternalActors__/ThirdPerson/Maps/ThirdPersonMap/B/6B/8ML8UKWNW168C5PHHA6TWA
 |- Actor Path: /Game/ThirdPerson/Maps/ThirdPersonMap.ThirdPersonMap:PersistentLevel.StaticMeshActor_UAID_D8BBC1B6F349603B02_1555569696
 |- Actor Package: /Game/__ExternalActors__/ThirdPerson/Maps/ThirdPersonMap/D/0I/85553OE4Y4OIPLPR6ZF8OX
 |- Actor Path: /Game/ThirdPerson/Maps/ThirdPersonMap.ThirdPersonMap:PersistentLevel.StaticMeshActor_UAID_D8BBC1B6F349603B02_1592982697
 |- Actor Package: /Game/__ExternalActors__/ThirdPerson/Maps/ThirdPersonMap/A/8K/3Q4R8590VKWAKY7F6QZWDG
 |- Actor Path: /Game/ThirdPerson/Maps/ThirdPersonMap.ThirdPersonMap:PersistentLevel.StaticMeshActor_UAID_D8BBC1B6F349603B02_1592985698
 |- Actor Package: /Game/__ExternalActors__/ThirdPerson/Maps/ThirdPersonMap/A/GD/HPQ3C7H28TDC1XPAQPD3O5
 |- Actor Path: /Game/ThirdPerson/Maps/ThirdPersonMap.ThirdPersonMap:PersistentLevel.StaticMeshActor_UAID_D8BBC1B6F349603B02_1704494699
 |- Actor Package: /Game/__ExternalActors__/ThirdPerson/Maps/ThirdPersonMap/6/JN/KG3P2SW38WF66TCNQFJQSV
 |- Actor Path: /Game/ThirdPerson/Maps/ThirdPersonMap.ThirdPersonMap:PersistentLevel.StaticMeshActor_UAID_D8BBC1B6F349683B02_1439239104
 |- Actor Package: /Game/__ExternalActors__/ThirdPerson/Maps/ThirdPersonMap/2/2J/KZYK41K3Z2JDO4N0MOI814
 |- Actor Path: /Game/ThirdPerson/Maps/ThirdPersonMap.ThirdPersonMap:PersistentLevel.StaticMeshActor_UAID_D8BBC1B6F349683B02_1761943106
 |- Actor Package: /Game/__ExternalActors__/ThirdPerson/Maps/ThirdPersonMap/C/MS/S6IZJRKDNQP7ZLNPHOGPIE
 |- Actor Path: /Game/ThirdPerson/Maps/ThirdPersonMap.ThirdPersonMap:PersistentLevel.StaticMeshActor_UAID_D8BBC1B6F349683B02_1812092107
 |- Actor Package: /Game/__ExternalActors__/ThirdPerson/Maps/ThirdPersonMap/E/4M/THZZWH1ZJVQBCS0WWIXBI1
 |- Actor Path: /Game/ThirdPerson/Maps/ThirdPersonMap.ThirdPersonMap:PersistentLevel.StaticMeshActor_UAID_D8BBC1B6F349683B02_1978832108
 |- Actor Package: /Game/__ExternalActors__/ThirdPerson/Maps/ThirdPersonMap/5/VG/23TXLRD9Z0F5V3T8U1MSL5
 |- Actor Path: /Game/ThirdPerson/Maps/ThirdPersonMap.ThirdPersonMap:PersistentLevel.StaticMeshActor_UAID_D8BBC1B6F349683B02_2021726109
 |- Actor Package: /Game/__ExternalActors__/ThirdPerson/Maps/ThirdPersonMap/7/E5/7QH755O0J6JB263TAQTX5Y
 |- Actor Path: /Game/ThirdPerson/Maps/ThirdPersonMap.ThirdPersonMap:PersistentLevel.StaticMeshActor_UAID_D8BBC1B6F349683B02_2036893110
 |- Actor Package: /Game/__ExternalActors__/ThirdPerson/Maps/ThirdPersonMap/2/VK/7YFWCEX5EUB7WQ0PSTAIO7
 |- Actor Path: /Game/ThirdPerson/Maps/ThirdPersonMap.ThirdPersonMap:PersistentLevel.StaticMeshActor_UAID_D8BBC1B6F349683B02_2134290111
 |- Actor Package: /Game/__ExternalActors__/ThirdPerson/Maps/ThirdPersonMap/D/N6/X10XV07VWIQXC6KMPT0GHV
 |- Actor Path: /Game/ThirdPerson/Maps/ThirdPersonMap.ThirdPersonMap:PersistentLevel.StaticMeshActor_UAID_D8BBC1B6F349693B02_1098511288
 |- Actor Package: /Game/__ExternalActors__/ThirdPerson/Maps/ThirdPersonMap/3/VM/ZHIV75Y6VGSKXZL5728KES
 |- Actor Path: /Game/ThirdPerson/Maps/ThirdPersonMap.ThirdPersonMap:PersistentLevel.StaticMeshActor_UAID_D8BBC1B6F349693B02_1172157290
 |- Actor Package: /Game/__ExternalActors__/ThirdPerson/Maps/ThirdPersonMap/D/5U/C38ZIB6LV68SU8P7CD8GWJ
 |- Actor Path: /Game/ThirdPerson/Maps/ThirdPersonMap.ThirdPersonMap:PersistentLevel.StaticMeshActor_UAID_D8BBC1B6F349693B02_1294230291
 |- Actor Package: /Game/__ExternalActors__/ThirdPerson/Maps/ThirdPersonMap/1/N6/QBBFJ42RUK7EUO7FHD9UFN
 |- Actor Path: /Game/ThirdPerson/Maps/ThirdPersonMap.ThirdPersonMap:PersistentLevel.StaticMeshActor_UAID_D8BBC1B6F349812902_1666220563
 |- Actor Package: /Game/__ExternalActors__/ThirdPerson/Maps/ThirdPersonMap/1/6A/X9CMTBCTVMXKUTEPYNCVKH
 |- Actor Path: /Game/ThirdPerson/Maps/ThirdPersonMap.ThirdPersonMap:PersistentLevel.StaticMeshActor_UAID_D8BBC1B6F349812902_1677154628
 |- Actor Package: /Game/__ExternalActors__/ThirdPerson/Maps/ThirdPersonMap/8/BH/J6R66YHPSF8V3HQKPGXZ1L
 |- Actor Path: /Game/ThirdPerson/Maps/ThirdPersonMap.ThirdPersonMap:PersistentLevel.StaticMeshActor_UAID_D8BBC1B6F349812902_1683292693
 |- Actor Package: /Game/__ExternalActors__/ThirdPerson/Maps/ThirdPersonMap/0/RM/HDB4AXF52JRIJDAHCF3L06
 |- Actor Path: /Game/ThirdPerson/Maps/ThirdPersonMap.ThirdPersonMap:PersistentLevel.StaticMeshActor_UAID_D8BBC1B6F349B42902_1946302171
 |- Actor Package: /Game/__ExternalActors__/ThirdPerson/Maps/ThirdPersonMap/A/HE/3ZJDCGI90QMZKUJP0BS7IF
 |- Actor Path: /Game/ThirdPerson/Maps/ThirdPersonMap.ThirdPersonMap:PersistentLevel.VolumetricCloud_0
 |- Actor Package: /Game/__ExternalActors__/ThirdPerson/Maps/ThirdPersonMap/3/EY/87SHEJN5UBEAN2K5OV1G6R
 |- Actor Path: /Game/ThirdPerson/Maps/ThirdPersonMap.ThirdPersonMap:PersistentLevel.Walltest_C_UAID_D8BBC1B6F349613B02_2053350879
 |- Actor Package: /Game/__ExternalActors__/ThirdPerson/Maps/ThirdPersonMap/4/W2/MXQ9DC8RXGNJXAZ6BXMMNJ
 |- Actor Path: /Game/ThirdPerson/Maps/ThirdPersonMap.ThirdPersonMap:PersistentLevel.WorldDataLayers
 |- Actor Package: /Game/__ExternalActors__/ThirdPerson/Maps/ThirdPersonMap/0/43/HYQWORMY4JDQ5X3OKZXFLC

----------------------------------------------------------------------------------------------------------------
ThirdPersonMap - Runtime Hash Set
----------------------------------------------------------------------------------------------------------------

